{"C:\\Users\\User\\git\\moment_vue\\moment_vue\\backend\\src\\app.js": {"path":"C:\\Users\\User\\git\\moment_vue\\moment_vue\\backend\\src\\app.js","statementMap":{"0":{"start":{"line":1,"column":0},"end":{"line":1,"column":27}},"1":{"start":{"line":18,"column":10},"end":{"line":18,"column":19}},"2":{"start":{"line":19,"column":0},"end":{"line":19,"column":16}},"3":{"start":{"line":22,"column":0},"end":{"line":22,"column":24}},"4":{"start":{"line":23,"column":0},"end":{"line":23,"column":49}},"5":{"start":{"line":24,"column":0},"end":{"line":24,"column":24}},"6":{"start":{"line":26,"column":0},"end":{"line":26,"column":22}},"7":{"start":{"line":27,"column":0},"end":{"line":27,"column":63}},"8":{"start":{"line":28,"column":0},"end":{"line":28,"column":60}},"9":{"start":{"line":29,"column":0},"end":{"line":29,"column":38}},"10":{"start":{"line":32,"column":0},"end":{"line":32,"column":23}},"11":{"start":{"line":33,"column":0},"end":{"line":33,"column":51}},"12":{"start":{"line":38,"column":0},"end":{"line":40,"column":3}},"13":{"start":{"line":39,"column":2},"end":{"line":39,"column":25}},"14":{"start":{"line":43,"column":0},"end":{"line":80,"column":3}},"15":{"start":{"line":45,"column":17},"end":{"line":45,"column":20}},"16":{"start":{"line":47,"column":2},"end":{"line":49,"column":3}},"17":{"start":{"line":48,"column":4},"end":{"line":48,"column":31}},"18":{"start":{"line":51,"column":2},"end":{"line":71,"column":3}},"19":{"start":{"line":52,"column":19},"end":{"line":65,"column":5}},"20":{"start":{"line":67,"column":4},"end":{"line":67,"column":69}},"21":{"start":{"line":69,"column":4},"end":{"line":69,"column":41}},"22":{"start":{"line":70,"column":4},"end":{"line":70,"column":31}},"23":{"start":{"line":77,"column":2},"end":{"line":79,"column":21}},"24":{"start":{"line":82,"column":0},"end":{"line":82,"column":21}}},"fnMap":{"0":{"name":"(anonymous_0)","decl":{"start":{"line":38,"column":8},"end":{"line":38,"column":9}},"loc":{"start":{"line":38,"column":34},"end":{"line":40,"column":1}},"line":38},"1":{"name":"(anonymous_1)","decl":{"start":{"line":43,"column":8},"end":{"line":43,"column":9}},"loc":{"start":{"line":43,"column":39},"end":{"line":80,"column":1}},"line":43}},"branchMap":{"0":{"loc":{"start":{"line":47,"column":2},"end":{"line":49,"column":3}},"type":"if","locations":[{"start":{"line":47,"column":2},"end":{"line":49,"column":3}},{"start":{"line":47,"column":2},"end":{"line":49,"column":3}}],"line":47},"1":{"loc":{"start":{"line":51,"column":2},"end":{"line":71,"column":3}},"type":"if","locations":[{"start":{"line":51,"column":2},"end":{"line":71,"column":3}},{"start":{"line":51,"column":2},"end":{"line":71,"column":3}}],"line":51}},"s":{"0":2,"1":2,"2":2,"3":2,"4":2,"5":2,"6":2,"7":2,"8":2,"9":2,"10":2,"11":2,"12":2,"13":0,"14":2,"15":3,"16":3,"17":0,"18":3,"19":3,"20":3,"21":0,"22":0,"23":3,"24":2},"f":{"0":0,"1":3},"b":{"0":[0,3],"1":[3,0]},"_coverageSchema":"1a1c01bbd47fc00a2c39e90264f33305004495a9","hash":"17bcb649f213c8ad3b8b1fae46e79b7666de8587"}
,"C:\\Users\\User\\git\\moment_vue\\moment_vue\\backend\\src\\caches\\user.cache.js": {"path":"C:\\Users\\User\\git\\moment_vue\\moment_vue\\backend\\src\\caches\\user.cache.js","statementMap":{"0":{"start":{"line":1,"column":0},"end":{"line":1,"column":26}},"1":{"start":{"line":2,"column":14},"end":{"line":2,"column":30}},"2":{"start":{"line":3,"column":17},"end":{"line":3,"column":36}},"3":{"start":{"line":6,"column":15},"end":{"line":6,"column":77}},"4":{"start":{"line":7,"column":0},"end":{"line":9,"column":2}},"5":{"start":{"line":8,"column":2},"end":{"line":8,"column":37}},"6":{"start":{"line":11,"column":0},"end":{"line":11,"column":29}},"7":{"start":{"line":15,"column":4},"end":{"line":22,"column":5}},"8":{"start":{"line":16,"column":6},"end":{"line":16,"column":62}},"9":{"start":{"line":17,"column":6},"end":{"line":17,"column":68}},"10":{"start":{"line":18,"column":6},"end":{"line":18,"column":86}},"11":{"start":{"line":21,"column":6},"end":{"line":21,"column":22}},"12":{"start":{"line":26,"column":4},"end":{"line":33,"column":5}},"13":{"start":{"line":27,"column":6},"end":{"line":32,"column":7}},"14":{"start":{"line":28,"column":8},"end":{"line":28,"column":51}},"15":{"start":{"line":31,"column":8},"end":{"line":31,"column":19}},"16":{"start":{"line":37,"column":4},"end":{"line":45,"column":5}},"17":{"start":{"line":38,"column":6},"end":{"line":44,"column":7}},"18":{"start":{"line":39,"column":21},"end":{"line":39,"column":59}},"19":{"start":{"line":40,"column":8},"end":{"line":40,"column":30}},"20":{"start":{"line":43,"column":8},"end":{"line":43,"column":19}},"21":{"start":{"line":49,"column":4},"end":{"line":57,"column":5}},"22":{"start":{"line":50,"column":6},"end":{"line":56,"column":7}},"23":{"start":{"line":51,"column":21},"end":{"line":51,"column":65}},"24":{"start":{"line":52,"column":8},"end":{"line":52,"column":30}},"25":{"start":{"line":55,"column":8},"end":{"line":55,"column":19}}},"fnMap":{"0":{"name":"(anonymous_0)","decl":{"start":{"line":7,"column":19},"end":{"line":7,"column":20}},"loc":{"start":{"line":7,"column":24},"end":{"line":9,"column":1}},"line":7},"1":{"name":"(anonymous_1)","decl":{"start":{"line":14,"column":2},"end":{"line":14,"column":3}},"loc":{"start":{"line":14,"column":20},"end":{"line":23,"column":3}},"line":14},"2":{"name":"(anonymous_2)","decl":{"start":{"line":25,"column":2},"end":{"line":25,"column":3}},"loc":{"start":{"line":25,"column":19},"end":{"line":34,"column":3}},"line":25},"3":{"name":"(anonymous_3)","decl":{"start":{"line":36,"column":2},"end":{"line":36,"column":3}},"loc":{"start":{"line":36,"column":21},"end":{"line":46,"column":3}},"line":36},"4":{"name":"(anonymous_4)","decl":{"start":{"line":48,"column":2},"end":{"line":48,"column":3}},"loc":{"start":{"line":48,"column":27},"end":{"line":58,"column":3}},"line":48}},"branchMap":{"0":{"loc":{"start":{"line":26,"column":4},"end":{"line":33,"column":5}},"type":"if","locations":[{"start":{"line":26,"column":4},"end":{"line":33,"column":5}},{"start":{"line":26,"column":4},"end":{"line":33,"column":5}}],"line":26},"1":{"loc":{"start":{"line":37,"column":4},"end":{"line":45,"column":5}},"type":"if","locations":[{"start":{"line":37,"column":4},"end":{"line":45,"column":5}},{"start":{"line":37,"column":4},"end":{"line":45,"column":5}}],"line":37},"2":{"loc":{"start":{"line":49,"column":4},"end":{"line":57,"column":5}},"type":"if","locations":[{"start":{"line":49,"column":4},"end":{"line":57,"column":5}},{"start":{"line":49,"column":4},"end":{"line":57,"column":5}}],"line":49}},"s":{"0":2,"1":2,"2":2,"3":2,"4":2,"5":0,"6":2,"7":3,"8":3,"9":3,"10":3,"11":0,"12":7,"13":6,"14":6,"15":0,"16":0,"17":0,"18":0,"19":0,"20":0,"21":3,"22":3,"23":3,"24":3,"25":0},"f":{"0":0,"1":3,"2":7,"3":0,"4":3},"b":{"0":[6,1],"1":[0,0],"2":[3,0]},"_coverageSchema":"1a1c01bbd47fc00a2c39e90264f33305004495a9","hash":"7bf76a20f910d6979ad4114505249896272d5cd7"}
,"C:\\Users\\User\\git\\moment_vue\\moment_vue\\backend\\src\\configs\\sequelize.js": {"path":"C:\\Users\\User\\git\\moment_vue\\moment_vue\\backend\\src\\configs\\sequelize.js","statementMap":{"0":{"start":{"line":1,"column":0},"end":{"line":1,"column":26}},"1":{"start":{"line":3,"column":0},"end":{"line":5,"column":1}},"2":{"start":{"line":4,"column":2},"end":{"line":4,"column":28}},"3":{"start":{"line":7,"column":22},"end":{"line":23,"column":1}},"4":{"start":{"line":25,"column":0},"end":{"line":40,"column":1}}},"fnMap":{},"branchMap":{"0":{"loc":{"start":{"line":3,"column":0},"end":{"line":5,"column":1}},"type":"if","locations":[{"start":{"line":3,"column":0},"end":{"line":5,"column":1}},{"start":{"line":3,"column":0},"end":{"line":5,"column":1}}],"line":3}},"s":{"0":3,"1":3,"2":3,"3":3,"4":3},"f":{},"b":{"0":[3,0]},"_coverageSchema":"1a1c01bbd47fc00a2c39e90264f33305004495a9","hash":"4f524dc59530601a47d67af520ddd873f1dabb6b"}
,"C:\\Users\\User\\git\\moment_vue\\moment_vue\\backend\\src\\configs\\winston.js": {"path":"C:\\Users\\User\\git\\moment_vue\\moment_vue\\backend\\src\\configs\\winston.js","statementMap":{"0":{"start":{"line":4,"column":15},"end":{"line":4,"column":37}},"1":{"start":{"line":6,"column":0},"end":{"line":8,"column":1}},"2":{"start":{"line":7,"column":2},"end":{"line":7,"column":22}},"3":{"start":{"line":10,"column":22},"end":{"line":14,"column":2}},"4":{"start":{"line":16,"column":23},"end":{"line":20,"column":2}},"5":{"start":{"line":22,"column":15},"end":{"line":24,"column":2}},"6":{"start":{"line":26,"column":15},"end":{"line":30,"column":1}},"7":{"start":{"line":28,"column":4},"end":{"line":28,"column":24}}},"fnMap":{"0":{"name":"(anonymous_0)","decl":{"start":{"line":27,"column":9},"end":{"line":27,"column":10}},"loc":{"start":{"line":27,"column":20},"end":{"line":29,"column":3}},"line":27}},"branchMap":{"0":{"loc":{"start":{"line":6,"column":0},"end":{"line":8,"column":1}},"type":"if","locations":[{"start":{"line":6,"column":0},"end":{"line":8,"column":1}},{"start":{"line":6,"column":0},"end":{"line":8,"column":1}}],"line":6}},"s":{"0":2,"1":2,"2":0,"3":2,"4":2,"5":2,"6":2,"7":7},"f":{"0":7},"b":{"0":[0,2]},"_coverageSchema":"1a1c01bbd47fc00a2c39e90264f33305004495a9","hash":"16348f438377047c08d72c37da8feffd38f1bf03"}
,"C:\\Users\\User\\git\\moment_vue\\moment_vue\\backend\\src\\controllers\\v1\\auth.controller.js": {"path":"C:\\Users\\User\\git\\moment_vue\\moment_vue\\backend\\src\\controllers\\v1\\auth.controller.js","statementMap":{"0":{"start":{"line":8,"column":14},"end":{"line":40,"column":1}},"1":{"start":{"line":9,"column":2},"end":{"line":39,"column":3}},"2":{"start":{"line":10,"column":18},"end":{"line":10,"column":32}},"3":{"start":{"line":11,"column":21},"end":{"line":11,"column":38}},"4":{"start":{"line":12,"column":21},"end":{"line":12,"column":35}},"5":{"start":{"line":13,"column":17},"end":{"line":13,"column":50}},"6":{"start":{"line":15,"column":4},"end":{"line":17,"column":5}},"7":{"start":{"line":16,"column":6},"end":{"line":16,"column":54}},"8":{"start":{"line":20,"column":18},"end":{"line":20,"column":63}},"9":{"start":{"line":22,"column":4},"end":{"line":24,"column":5}},"10":{"start":{"line":23,"column":6},"end":{"line":23,"column":53}},"11":{"start":{"line":27,"column":20},"end":{"line":30,"column":5}},"12":{"start":{"line":32,"column":18},"end":{"line":34,"column":6}},"13":{"start":{"line":36,"column":4},"end":{"line":36,"column":33}},"14":{"start":{"line":38,"column":4},"end":{"line":38,"column":11}},"15":{"start":{"line":42,"column":18},"end":{"line":49,"column":1}},"16":{"start":{"line":43,"column":2},"end":{"line":48,"column":3}},"17":{"start":{"line":45,"column":4},"end":{"line":45,"column":34}},"18":{"start":{"line":47,"column":4},"end":{"line":47,"column":11}}},"fnMap":{"0":{"name":"(anonymous_0)","decl":{"start":{"line":8,"column":14},"end":{"line":8,"column":15}},"loc":{"start":{"line":8,"column":40},"end":{"line":40,"column":1}},"line":8},"1":{"name":"(anonymous_1)","decl":{"start":{"line":42,"column":18},"end":{"line":42,"column":19}},"loc":{"start":{"line":42,"column":44},"end":{"line":49,"column":1}},"line":42}},"branchMap":{"0":{"loc":{"start":{"line":15,"column":4},"end":{"line":17,"column":5}},"type":"if","locations":[{"start":{"line":15,"column":4},"end":{"line":17,"column":5}},{"start":{"line":15,"column":4},"end":{"line":17,"column":5}}],"line":15},"1":{"loc":{"start":{"line":22,"column":4},"end":{"line":24,"column":5}},"type":"if","locations":[{"start":{"line":22,"column":4},"end":{"line":24,"column":5}},{"start":{"line":22,"column":4},"end":{"line":24,"column":5}}],"line":22}},"s":{"0":2,"1":3,"2":3,"3":3,"4":3,"5":3,"6":3,"7":1,"8":2,"9":2,"10":1,"11":1,"12":1,"13":1,"14":0,"15":2,"16":1,"17":1,"18":0},"f":{"0":3,"1":1},"b":{"0":[1,2],"1":[1,1]},"_coverageSchema":"1a1c01bbd47fc00a2c39e90264f33305004495a9","hash":"25ecb9736f65ad2b275775f21bba1575fbb4d434"}
,"C:\\Users\\User\\git\\moment_vue\\moment_vue\\backend\\src\\controllers\\v1\\user.controller.js": {"path":"C:\\Users\\User\\git\\moment_vue\\moment_vue\\backend\\src\\controllers\\v1\\user.controller.js","statementMap":{"0":{"start":{"line":5,"column":13},"end":{"line":27,"column":3}},"1":{"start":{"line":7,"column":4},"end":{"line":26,"column":5}},"2":{"start":{"line":8,"column":23},"end":{"line":8,"column":37}},"3":{"start":{"line":9,"column":6},"end":{"line":23,"column":7}},"4":{"start":{"line":10,"column":21},"end":{"line":10,"column":57}},"5":{"start":{"line":12,"column":8},"end":{"line":14,"column":9}},"6":{"start":{"line":13,"column":10},"end":{"line":13,"column":70}},"7":{"start":{"line":16,"column":8},"end":{"line":18,"column":29}},"8":{"start":{"line":20,"column":22},"end":{"line":20,"column":42}},"9":{"start":{"line":22,"column":8},"end":{"line":22,"column":56}},"10":{"start":{"line":22,"column":42},"end":{"line":22,"column":54}},"11":{"start":{"line":25,"column":6},"end":{"line":25,"column":13}}},"fnMap":{"0":{"name":"(anonymous_0)","decl":{"start":{"line":5,"column":13},"end":{"line":5,"column":14}},"loc":{"start":{"line":5,"column":39},"end":{"line":27,"column":3}},"line":5},"1":{"name":"(anonymous_1)","decl":{"start":{"line":22,"column":34},"end":{"line":22,"column":35}},"loc":{"start":{"line":22,"column":42},"end":{"line":22,"column":54}},"line":22}},"branchMap":{"0":{"loc":{"start":{"line":9,"column":6},"end":{"line":23,"column":7}},"type":"if","locations":[{"start":{"line":9,"column":6},"end":{"line":23,"column":7}},{"start":{"line":9,"column":6},"end":{"line":23,"column":7}}],"line":9},"1":{"loc":{"start":{"line":12,"column":8},"end":{"line":14,"column":9}},"type":"if","locations":[{"start":{"line":12,"column":8},"end":{"line":14,"column":9}},{"start":{"line":12,"column":8},"end":{"line":14,"column":9}}],"line":12}},"s":{"0":2,"1":3,"2":3,"3":3,"4":2,"5":2,"6":1,"7":1,"8":1,"9":1,"10":4,"11":1},"f":{"0":3,"1":4},"b":{"0":[2,1],"1":[1,1]},"_coverageSchema":"1a1c01bbd47fc00a2c39e90264f33305004495a9","hash":"37d92940775afe42b827b6b8dbafc77dc6ba51d3"}
,"C:\\Users\\User\\git\\moment_vue\\moment_vue\\backend\\src\\middlewares\\jwt.middleware.js": {"path":"C:\\Users\\User\\git\\moment_vue\\moment_vue\\backend\\src\\middlewares\\jwt.middleware.js","statementMap":{"0":{"start":{"line":5,"column":2},"end":{"line":33,"column":3}},"1":{"start":{"line":6,"column":4},"end":{"line":6,"column":19}},"2":{"start":{"line":8,"column":4},"end":{"line":28,"column":5}},"3":{"start":{"line":10,"column":6},"end":{"line":19,"column":10}},"4":{"start":{"line":14,"column":10},"end":{"line":16,"column":11}},"5":{"start":{"line":15,"column":12},"end":{"line":15,"column":62}},"6":{"start":{"line":18,"column":10},"end":{"line":18,"column":29}},"7":{"start":{"line":20,"column":23},"end":{"line":20,"column":37}},"8":{"start":{"line":21,"column":19},"end":{"line":21,"column":44}},"9":{"start":{"line":23,"column":6},"end":{"line":25,"column":7}},"10":{"start":{"line":24,"column":8},"end":{"line":24,"column":56}},"11":{"start":{"line":27,"column":6},"end":{"line":27,"column":21}},"12":{"start":{"line":30,"column":4},"end":{"line":30,"column":10}},"13":{"start":{"line":32,"column":4},"end":{"line":32,"column":11}}},"fnMap":{"0":{"name":"(anonymous_0)","decl":{"start":{"line":4,"column":15},"end":{"line":4,"column":16}},"loc":{"start":{"line":4,"column":41},"end":{"line":34,"column":1}},"line":4},"1":{"name":"(anonymous_1)","decl":{"start":{"line":13,"column":8},"end":{"line":13,"column":9}},"loc":{"start":{"line":13,"column":26},"end":{"line":19,"column":9}},"line":13}},"branchMap":{"0":{"loc":{"start":{"line":8,"column":4},"end":{"line":28,"column":5}},"type":"if","locations":[{"start":{"line":8,"column":4},"end":{"line":28,"column":5}},{"start":{"line":8,"column":4},"end":{"line":28,"column":5}}],"line":8},"1":{"loc":{"start":{"line":14,"column":10},"end":{"line":16,"column":11}},"type":"if","locations":[{"start":{"line":14,"column":10},"end":{"line":16,"column":11}},{"start":{"line":14,"column":10},"end":{"line":16,"column":11}}],"line":14},"2":{"loc":{"start":{"line":23,"column":6},"end":{"line":25,"column":7}},"type":"if","locations":[{"start":{"line":23,"column":6},"end":{"line":25,"column":7}},{"start":{"line":23,"column":6},"end":{"line":25,"column":7}}],"line":23}},"s":{"0":7,"1":7,"2":7,"3":1,"4":1,"5":0,"6":1,"7":1,"8":1,"9":1,"10":0,"11":1,"12":7,"13":0},"f":{"0":7,"1":1},"b":{"0":[1,6],"1":[0,1],"2":[0,1]},"_coverageSchema":"1a1c01bbd47fc00a2c39e90264f33305004495a9","hash":"d0f85e68f3bbffeb320ffa5f6e87168539f66c86"}
,"C:\\Users\\User\\git\\moment_vue\\moment_vue\\backend\\src\\models\\company.model.js": {"path":"C:\\Users\\User\\git\\moment_vue\\moment_vue\\backend\\src\\models\\company.model.js","statementMap":{"0":{"start":{"line":3,"column":0},"end":{"line":103,"column":2}},"1":{"start":{"line":4,"column":19},"end":{"line":100,"column":7}},"2":{"start":{"line":96,"column":11},"end":{"line":96,"column":44}},"3":{"start":{"line":102,"column":5},"end":{"line":102,"column":20}}},"fnMap":{"0":{"name":"(anonymous_0)","decl":{"start":{"line":3,"column":17},"end":{"line":3,"column":18}},"loc":{"start":{"line":3,"column":48},"end":{"line":103,"column":1}},"line":3},"1":{"name":"(anonymous_1)","decl":{"start":{"line":95,"column":19},"end":{"line":95,"column":20}},"loc":{"start":{"line":95,"column":35},"end":{"line":97,"column":10}},"line":95}},"branchMap":{},"s":{"0":3,"1":3,"2":0,"3":3},"f":{"0":3,"1":0},"b":{},"_coverageSchema":"1a1c01bbd47fc00a2c39e90264f33305004495a9","hash":"22c0fd3f359ae72edbd49cb156d13db52ed12a90"}
,"C:\\Users\\User\\git\\moment_vue\\moment_vue\\backend\\src\\models\\index.js": {"path":"C:\\Users\\User\\git\\moment_vue\\moment_vue\\backend\\src\\models\\index.js","statementMap":{"0":{"start":{"line":4,"column":18},"end":{"line":4,"column":38}},"1":{"start":{"line":5,"column":15},"end":{"line":5,"column":84}},"2":{"start":{"line":6,"column":17},"end":{"line":6,"column":42}},"3":{"start":{"line":8,"column":15},"end":{"line":8,"column":17}},"4":{"start":{"line":11,"column":0},"end":{"line":15,"column":1}},"5":{"start":{"line":12,"column":2},"end":{"line":12,"column":73}},"6":{"start":{"line":14,"column":2},"end":{"line":14,"column":86}},"7":{"start":{"line":17,"column":0},"end":{"line":22,"column":4}},"8":{"start":{"line":18,"column":18},"end":{"line":18,"column":102}},"9":{"start":{"line":20,"column":18},"end":{"line":20,"column":65}},"10":{"start":{"line":21,"column":4},"end":{"line":21,"column":30}},"11":{"start":{"line":24,"column":0},"end":{"line":28,"column":2}},"12":{"start":{"line":25,"column":2},"end":{"line":27,"column":3}},"13":{"start":{"line":26,"column":4},"end":{"line":26,"column":39}},"14":{"start":{"line":30,"column":0},"end":{"line":30,"column":28}},"15":{"start":{"line":31,"column":0},"end":{"line":31,"column":28}}},"fnMap":{"0":{"name":"(anonymous_0)","decl":{"start":{"line":18,"column":10},"end":{"line":18,"column":11}},"loc":{"start":{"line":18,"column":18},"end":{"line":18,"column":102}},"line":18},"1":{"name":"(anonymous_1)","decl":{"start":{"line":19,"column":11},"end":{"line":19,"column":12}},"loc":{"start":{"line":19,"column":19},"end":{"line":22,"column":3}},"line":19},"2":{"name":"(anonymous_2)","decl":{"start":{"line":24,"column":28},"end":{"line":24,"column":29}},"loc":{"start":{"line":24,"column":41},"end":{"line":28,"column":1}},"line":24}},"branchMap":{"0":{"loc":{"start":{"line":11,"column":0},"end":{"line":15,"column":1}},"type":"if","locations":[{"start":{"line":11,"column":0},"end":{"line":15,"column":1}},{"start":{"line":11,"column":0},"end":{"line":15,"column":1}}],"line":11},"1":{"loc":{"start":{"line":18,"column":18},"end":{"line":18,"column":102}},"type":"binary-expr","locations":[{"start":{"line":18,"column":19},"end":{"line":18,"column":42}},{"start":{"line":18,"column":48},"end":{"line":18,"column":65}},{"start":{"line":18,"column":71},"end":{"line":18,"column":101}}],"line":18},"2":{"loc":{"start":{"line":25,"column":2},"end":{"line":27,"column":3}},"type":"if","locations":[{"start":{"line":25,"column":2},"end":{"line":27,"column":3}},{"start":{"line":25,"column":2},"end":{"line":27,"column":3}}],"line":25}},"s":{"0":3,"1":3,"2":3,"3":3,"4":3,"5":0,"6":3,"7":3,"8":18,"9":15,"10":15,"11":3,"12":12,"13":3,"14":3,"15":3},"f":{"0":18,"1":15,"2":12},"b":{"0":[0,3],"1":[18,18,15],"2":[3,9]},"_coverageSchema":"1a1c01bbd47fc00a2c39e90264f33305004495a9","hash":"7253694ba623522460d1567770630e2344c10cad"}
,"C:\\Users\\User\\git\\moment_vue\\moment_vue\\backend\\src\\models\\momentDataMst.model.js": {"path":"C:\\Users\\User\\git\\moment_vue\\moment_vue\\backend\\src\\models\\momentDataMst.model.js","statementMap":{"0":{"start":{"line":3,"column":0},"end":{"line":70,"column":2}},"1":{"start":{"line":4,"column":24},"end":{"line":49,"column":3}},"2":{"start":{"line":45,"column":11},"end":{"line":45,"column":104}},"3":{"start":{"line":69,"column":2},"end":{"line":69,"column":23}}},"fnMap":{"0":{"name":"(anonymous_0)","decl":{"start":{"line":3,"column":17},"end":{"line":3,"column":18}},"loc":{"start":{"line":3,"column":43},"end":{"line":70,"column":1}},"line":3},"1":{"name":"(anonymous_1)","decl":{"start":{"line":44,"column":19},"end":{"line":44,"column":20}},"loc":{"start":{"line":44,"column":35},"end":{"line":46,"column":10}},"line":44}},"branchMap":{},"s":{"0":3,"1":3,"2":0,"3":3},"f":{"0":3,"1":0},"b":{},"_coverageSchema":"1a1c01bbd47fc00a2c39e90264f33305004495a9","hash":"3d5952d5ad2a475a947942b0584a66034851a5b7"}
,"C:\\Users\\User\\git\\moment_vue\\moment_vue\\backend\\src\\models\\momentFile.model.js": {"path":"C:\\Users\\User\\git\\moment_vue\\moment_vue\\backend\\src\\models\\momentFile.model.js","statementMap":{"0":{"start":{"line":3,"column":0},"end":{"line":39,"column":1}},"1":{"start":{"line":4,"column":25},"end":{"line":31,"column":4}},"2":{"start":{"line":33,"column":2},"end":{"line":35,"column":4}},"3":{"start":{"line":38,"column":2},"end":{"line":38,"column":23}}},"fnMap":{"0":{"name":"(anonymous_0)","decl":{"start":{"line":3,"column":17},"end":{"line":3,"column":18}},"loc":{"start":{"line":3,"column":43},"end":{"line":39,"column":1}},"line":3},"1":{"name":"(anonymous_1)","decl":{"start":{"line":33,"column":29},"end":{"line":33,"column":30}},"loc":{"start":{"line":33,"column":47},"end":{"line":35,"column":3}},"line":33}},"branchMap":{},"s":{"0":3,"1":3,"2":3,"3":3},"f":{"0":3,"1":0},"b":{},"_coverageSchema":"1a1c01bbd47fc00a2c39e90264f33305004495a9","hash":"1174f68c8b4cd1f260f6a114990a19a62974e822"}
,"C:\\Users\\User\\git\\moment_vue\\moment_vue\\backend\\src\\models\\momentUser.model.js": {"path":"C:\\Users\\User\\git\\moment_vue\\moment_vue\\backend\\src\\models\\momentUser.model.js","statementMap":{"0":{"start":{"line":5,"column":0},"end":{"line":72,"column":2}},"1":{"start":{"line":6,"column":15},"end":{"line":57,"column":3}},"2":{"start":{"line":11,"column":28},"end":{"line":11,"column":54}},"3":{"start":{"line":13,"column":10},"end":{"line":13,"column":72}},"4":{"start":{"line":53,"column":11},"end":{"line":53,"column":46}},"5":{"start":{"line":64,"column":2},"end":{"line":69,"column":5}},"6":{"start":{"line":65,"column":4},"end":{"line":68,"column":5}},"7":{"start":{"line":66,"column":19},"end":{"line":66,"column":43}},"8":{"start":{"line":67,"column":6},"end":{"line":67,"column":61}},"9":{"start":{"line":71,"column":2},"end":{"line":71,"column":14}}},"fnMap":{"0":{"name":"(anonymous_0)","decl":{"start":{"line":5,"column":17},"end":{"line":5,"column":18}},"loc":{"start":{"line":5,"column":43},"end":{"line":72,"column":1}},"line":5},"1":{"name":"(anonymous_1)","decl":{"start":{"line":11,"column":22},"end":{"line":11,"column":23}},"loc":{"start":{"line":11,"column":28},"end":{"line":11,"column":54}},"line":11},"2":{"name":"(anonymous_2)","decl":{"start":{"line":12,"column":13},"end":{"line":12,"column":14}},"loc":{"start":{"line":12,"column":25},"end":{"line":14,"column":9}},"line":12},"3":{"name":"(anonymous_3)","decl":{"start":{"line":52,"column":19},"end":{"line":52,"column":20}},"loc":{"start":{"line":52,"column":35},"end":{"line":54,"column":10}},"line":52},"4":{"name":"(anonymous_4)","decl":{"start":{"line":64,"column":18},"end":{"line":64,"column":19}},"loc":{"start":{"line":64,"column":43},"end":{"line":69,"column":3}},"line":64}},"branchMap":{"0":{"loc":{"start":{"line":65,"column":4},"end":{"line":68,"column":5}},"type":"if","locations":[{"start":{"line":65,"column":4},"end":{"line":68,"column":5}},{"start":{"line":65,"column":4},"end":{"line":68,"column":5}}],"line":65}},"s":{"0":3,"1":3,"2":4,"3":20,"4":0,"5":3,"6":4,"7":4,"8":4,"9":3},"f":{"0":3,"1":4,"2":20,"3":0,"4":4},"b":{"0":[4,0]},"_coverageSchema":"1a1c01bbd47fc00a2c39e90264f33305004495a9","hash":"e59bc15dfcec4e2c92600e693ab2e5dd33f18faf"}
,"C:\\Users\\User\\git\\moment_vue\\moment_vue\\backend\\src\\models\\momentUserFile.model.js": {"path":"C:\\Users\\User\\git\\moment_vue\\moment_vue\\backend\\src\\models\\momentUserFile.model.js","statementMap":{"0":{"start":{"line":3,"column":0},"end":{"line":46,"column":1}},"1":{"start":{"line":4,"column":21},"end":{"line":30,"column":4}},"2":{"start":{"line":32,"column":2},"end":{"line":44,"column":3}},"3":{"start":{"line":45,"column":2},"end":{"line":45,"column":19}}},"fnMap":{"0":{"name":"(anonymous_0)","decl":{"start":{"line":3,"column":17},"end":{"line":3,"column":18}},"loc":{"start":{"line":3,"column":43},"end":{"line":46,"column":1}},"line":3},"1":{"name":"(anonymous_1)","decl":{"start":{"line":32,"column":25},"end":{"line":32,"column":26}},"loc":{"start":{"line":32,"column":43},"end":{"line":44,"column":3}},"line":32}},"branchMap":{},"s":{"0":3,"1":3,"2":3,"3":3},"f":{"0":3,"1":3},"b":{},"_coverageSchema":"1a1c01bbd47fc00a2c39e90264f33305004495a9","hash":"d7b9211c715379d3fa71e29a3845177c20338370"}
,"C:\\Users\\User\\git\\moment_vue\\moment_vue\\backend\\src\\repositories\\user.repository.js": {"path":"C:\\Users\\User\\git\\moment_vue\\moment_vue\\backend\\src\\repositories\\user.repository.js","statementMap":{"0":{"start":{"line":7,"column":4},"end":{"line":7,"column":36}},"1":{"start":{"line":11,"column":17},"end":{"line":11,"column":47}},"2":{"start":{"line":12,"column":4},"end":{"line":12,"column":36}},"3":{"start":{"line":13,"column":4},"end":{"line":13,"column":35}},"4":{"start":{"line":18,"column":18},"end":{"line":18,"column":45}},"5":{"start":{"line":19,"column":4},"end":{"line":19,"column":54}},"6":{"start":{"line":19,"column":29},"end":{"line":19,"column":53}},"7":{"start":{"line":23,"column":15},"end":{"line":23,"column":46}},"8":{"start":{"line":25,"column":4},"end":{"line":32,"column":5}},"9":{"start":{"line":27,"column":6},"end":{"line":31,"column":8}},"10":{"start":{"line":34,"column":4},"end":{"line":34,"column":35}},"11":{"start":{"line":38,"column":15},"end":{"line":38,"column":48}},"12":{"start":{"line":40,"column":4},"end":{"line":42,"column":5}},"13":{"start":{"line":41,"column":6},"end":{"line":41,"column":43}},"14":{"start":{"line":44,"column":4},"end":{"line":44,"column":35}},"15":{"start":{"line":48,"column":15},"end":{"line":48,"column":54}},"16":{"start":{"line":50,"column":4},"end":{"line":56,"column":5}},"17":{"start":{"line":51,"column":6},"end":{"line":55,"column":8}},"18":{"start":{"line":58,"column":4},"end":{"line":58,"column":35}}},"fnMap":{"0":{"name":"(anonymous_0)","decl":{"start":{"line":6,"column":2},"end":{"line":6,"column":3}},"loc":{"start":{"line":6,"column":16},"end":{"line":8,"column":3}},"line":6},"1":{"name":"(anonymous_1)","decl":{"start":{"line":10,"column":2},"end":{"line":10,"column":3}},"loc":{"start":{"line":10,"column":20},"end":{"line":14,"column":3}},"line":10},"2":{"name":"(anonymous_2)","decl":{"start":{"line":16,"column":2},"end":{"line":16,"column":3}},"loc":{"start":{"line":16,"column":14},"end":{"line":20,"column":3}},"line":16},"3":{"name":"(anonymous_3)","decl":{"start":{"line":19,"column":21},"end":{"line":19,"column":22}},"loc":{"start":{"line":19,"column":29},"end":{"line":19,"column":53}},"line":19},"4":{"name":"(anonymous_4)","decl":{"start":{"line":22,"column":2},"end":{"line":22,"column":3}},"loc":{"start":{"line":22,"column":19},"end":{"line":35,"column":3}},"line":22},"5":{"name":"(anonymous_5)","decl":{"start":{"line":37,"column":2},"end":{"line":37,"column":3}},"loc":{"start":{"line":37,"column":21},"end":{"line":45,"column":3}},"line":37},"6":{"name":"(anonymous_6)","decl":{"start":{"line":47,"column":2},"end":{"line":47,"column":3}},"loc":{"start":{"line":47,"column":27},"end":{"line":59,"column":3}},"line":47}},"branchMap":{"0":{"loc":{"start":{"line":25,"column":4},"end":{"line":32,"column":5}},"type":"if","locations":[{"start":{"line":25,"column":4},"end":{"line":32,"column":5}},{"start":{"line":25,"column":4},"end":{"line":32,"column":5}}],"line":25},"1":{"loc":{"start":{"line":40,"column":4},"end":{"line":42,"column":5}},"type":"if","locations":[{"start":{"line":40,"column":4},"end":{"line":42,"column":5}},{"start":{"line":40,"column":4},"end":{"line":42,"column":5}}],"line":40},"2":{"loc":{"start":{"line":50,"column":4},"end":{"line":56,"column":5}},"type":"if","locations":[{"start":{"line":50,"column":4},"end":{"line":56,"column":5}},{"start":{"line":50,"column":4},"end":{"line":56,"column":5}}],"line":50}},"s":{"0":9,"1":3,"2":3,"3":3,"4":1,"5":1,"6":4,"7":4,"8":4,"9":1,"10":4,"11":0,"12":0,"13":0,"14":0,"15":3,"16":3,"17":1,"18":3},"f":{"0":9,"1":3,"2":1,"3":4,"4":4,"5":0,"6":3},"b":{"0":[1,3],"1":[0,0],"2":[1,2]},"_coverageSchema":"1a1c01bbd47fc00a2c39e90264f33305004495a9","hash":"5212efe40c72d5f35cf4fa4e489e164be970327d"}
,"C:\\Users\\User\\git\\moment_vue\\moment_vue\\backend\\src\\routes\\v1\\auth.route.js": {"path":"C:\\Users\\User\\git\\moment_vue\\moment_vue\\backend\\src\\routes\\v1\\auth.route.js","statementMap":{"0":{"start":{"line":1,"column":17},"end":{"line":1,"column":35}},"1":{"start":{"line":5,"column":16},"end":{"line":5,"column":32}},"2":{"start":{"line":7,"column":0},"end":{"line":10,"column":3}},"3":{"start":{"line":11,"column":0},"end":{"line":14,"column":3}},"4":{"start":{"line":17,"column":0},"end":{"line":54,"column":3}},"5":{"start":{"line":18,"column":2},"end":{"line":18,"column":35}},"6":{"start":{"line":19,"column":2},"end":{"line":53,"column":3}},"7":{"start":{"line":27,"column":6},"end":{"line":27,"column":27}},"8":{"start":{"line":28,"column":6},"end":{"line":28,"column":12}},"9":{"start":{"line":45,"column":6},"end":{"line":45,"column":26}},"10":{"start":{"line":46,"column":6},"end":{"line":46,"column":12}},"11":{"start":{"line":48,"column":6},"end":{"line":48,"column":29}},"12":{"start":{"line":49,"column":6},"end":{"line":49,"column":12}},"13":{"start":{"line":51,"column":6},"end":{"line":51,"column":27}},"14":{"start":{"line":52,"column":6},"end":{"line":52,"column":12}},"15":{"start":{"line":57,"column":2},"end":{"line":84,"column":4}},"16":{"start":{"line":73,"column":6},"end":{"line":82,"column":7}},"17":{"start":{"line":74,"column":8},"end":{"line":79,"column":9}},"18":{"start":{"line":75,"column":29},"end":{"line":75,"column":45}},"19":{"start":{"line":76,"column":10},"end":{"line":76,"column":33}},"20":{"start":{"line":78,"column":10},"end":{"line":78,"column":52}},"21":{"start":{"line":81,"column":8},"end":{"line":81,"column":39}},"22":{"start":{"line":89,"column":13},"end":{"line":89,"column":27}},"23":{"start":{"line":90,"column":11},"end":{"line":90,"column":28}},"24":{"start":{"line":91,"column":2},"end":{"line":91,"column":20}},"25":{"start":{"line":92,"column":2},"end":{"line":92,"column":18}},"26":{"start":{"line":93,"column":19},"end":{"line":93,"column":27}},"27":{"start":{"line":94,"column":2},"end":{"line":149,"column":3}},"28":{"start":{"line":95,"column":4},"end":{"line":143,"column":7}},"29":{"start":{"line":96,"column":16},"end":{"line":96,"column":70}},"30":{"start":{"line":97,"column":6},"end":{"line":142,"column":9}},"31":{"start":{"line":98,"column":8},"end":{"line":98,"column":47}},"32":{"start":{"line":98,"column":17},"end":{"line":98,"column":47}},"33":{"start":{"line":99,"column":21},"end":{"line":102,"column":27}},"34":{"start":{"line":103,"column":8},"end":{"line":140,"column":9}},"35":{"start":{"line":104,"column":27},"end":{"line":122,"column":12}},"36":{"start":{"line":106,"column":12},"end":{"line":121,"column":14}},"37":{"start":{"line":118,"column":16},"end":{"line":118,"column":37}},"38":{"start":{"line":118,"column":25},"end":{"line":118,"column":37}},"39":{"start":{"line":119,"column":16},"end":{"line":119,"column":31}},"40":{"start":{"line":123,"column":10},"end":{"line":134,"column":13}},"41":{"start":{"line":124,"column":12},"end":{"line":124,"column":29}},"42":{"start":{"line":125,"column":12},"end":{"line":133,"column":15}},"43":{"start":{"line":136,"column":10},"end":{"line":139,"column":13}},"44":{"start":{"line":141,"column":8},"end":{"line":141,"column":29}},"45":{"start":{"line":145,"column":4},"end":{"line":148,"column":7}},"46":{"start":{"line":152,"column":0},"end":{"line":152,"column":24}}},"fnMap":{"0":{"name":"(anonymous_0)","decl":{"start":{"line":17,"column":26},"end":{"line":17,"column":27}},"loc":{"start":{"line":17,"column":46},"end":{"line":54,"column":1}},"line":17},"1":{"name":"googleAuth","decl":{"start":{"line":56,"column":9},"end":{"line":56,"column":19}},"loc":{"start":{"line":56,"column":30},"end":{"line":85,"column":1}},"line":56},"2":{"name":"(anonymous_2)","decl":{"start":{"line":72,"column":4},"end":{"line":72,"column":5}},"loc":{"start":{"line":72,"column":35},"end":{"line":83,"column":5}},"line":72},"3":{"name":"loginAuth","decl":{"start":{"line":87,"column":9},"end":{"line":87,"column":18}},"loc":{"start":{"line":87,"column":29},"end":{"line":150,"column":1}},"line":87},"4":{"name":"(anonymous_4)","decl":{"start":{"line":95,"column":9},"end":{"line":95,"column":10}},"loc":{"start":{"line":95,"column":36},"end":{"line":143,"column":5}},"line":95},"5":{"name":"(anonymous_5)","decl":{"start":{"line":97,"column":28},"end":{"line":97,"column":29}},"loc":{"start":{"line":97,"column":60},"end":{"line":142,"column":7}},"line":97},"6":{"name":"(anonymous_6)","decl":{"start":{"line":104,"column":39},"end":{"line":104,"column":40}},"loc":{"start":{"line":104,"column":60},"end":{"line":122,"column":11}},"line":104},"7":{"name":"(anonymous_7)","decl":{"start":{"line":117,"column":14},"end":{"line":117,"column":15}},"loc":{"start":{"line":117,"column":30},"end":{"line":120,"column":15}},"line":117},"8":{"name":"(anonymous_8)","decl":{"start":{"line":123,"column":24},"end":{"line":123,"column":25}},"loc":{"start":{"line":123,"column":35},"end":{"line":134,"column":11}},"line":123}},"branchMap":{"0":{"loc":{"start":{"line":19,"column":2},"end":{"line":53,"column":3}},"type":"switch","locations":[{"start":{"line":26,"column":4},"end":{"line":28,"column":12}},{"start":{"line":44,"column":4},"end":{"line":46,"column":12}},{"start":{"line":47,"column":4},"end":{"line":49,"column":12}},{"start":{"line":50,"column":4},"end":{"line":52,"column":12}}],"line":19},"1":{"loc":{"start":{"line":74,"column":8},"end":{"line":79,"column":9}},"type":"if","locations":[{"start":{"line":74,"column":8},"end":{"line":79,"column":9}},{"start":{"line":74,"column":8},"end":{"line":79,"column":9}}],"line":74},"2":{"loc":{"start":{"line":74,"column":12},"end":{"line":74,"column":47}},"type":"binary-expr","locations":[{"start":{"line":74,"column":12},"end":{"line":74,"column":16}},{"start":{"line":74,"column":20},"end":{"line":74,"column":47}}],"line":74},"3":{"loc":{"start":{"line":81,"column":29},"end":{"line":81,"column":37}},"type":"binary-expr","locations":[{"start":{"line":81,"column":29},"end":{"line":81,"column":32}},{"start":{"line":81,"column":36},"end":{"line":81,"column":37}}],"line":81},"4":{"loc":{"start":{"line":94,"column":2},"end":{"line":149,"column":3}},"type":"if","locations":[{"start":{"line":94,"column":2},"end":{"line":149,"column":3}},{"start":{"line":94,"column":2},"end":{"line":149,"column":3}}],"line":94},"5":{"loc":{"start":{"line":98,"column":8},"end":{"line":98,"column":47}},"type":"if","locations":[{"start":{"line":98,"column":8},"end":{"line":98,"column":47}},{"start":{"line":98,"column":8},"end":{"line":98,"column":47}}],"line":98},"6":{"loc":{"start":{"line":103,"column":8},"end":{"line":140,"column":9}},"type":"if","locations":[{"start":{"line":103,"column":8},"end":{"line":140,"column":9}},{"start":{"line":103,"column":8},"end":{"line":140,"column":9}}],"line":103},"7":{"loc":{"start":{"line":118,"column":16},"end":{"line":118,"column":37}},"type":"if","locations":[{"start":{"line":118,"column":16},"end":{"line":118,"column":37}},{"start":{"line":118,"column":16},"end":{"line":118,"column":37}}],"line":118}},"s":{"0":2,"1":2,"2":2,"3":2,"4":2,"5":0,"6":0,"7":0,"8":0,"9":0,"10":0,"11":0,"12":0,"13":0,"14":0,"15":0,"16":0,"17":0,"18":0,"19":0,"20":0,"21":0,"22":0,"23":0,"24":0,"25":0,"26":0,"27":0,"28":0,"29":0,"30":0,"31":0,"32":0,"33":0,"34":0,"35":0,"36":0,"37":0,"38":0,"39":0,"40":0,"41":0,"42":0,"43":0,"44":0,"45":0,"46":2},"f":{"0":0,"1":0,"2":0,"3":0,"4":0,"5":0,"6":0,"7":0,"8":0},"b":{"0":[0,0,0,0],"1":[0,0],"2":[0,0],"3":[0,0],"4":[0,0],"5":[0,0],"6":[0,0],"7":[0,0]},"_coverageSchema":"1a1c01bbd47fc00a2c39e90264f33305004495a9","hash":"ef568b013b6138e8f13a8c4957b1cf3141d1e661"}
,"C:\\Users\\User\\git\\moment_vue\\moment_vue\\backend\\src\\routes\\v1\\index.js": {"path":"C:\\Users\\User\\git\\moment_vue\\moment_vue\\backend\\src\\routes\\v1\\index.js","statementMap":{"0":{"start":{"line":2,"column":13},"end":{"line":2,"column":28}},"1":{"start":{"line":3,"column":11},"end":{"line":3,"column":24}},"2":{"start":{"line":4,"column":16},"end":{"line":4,"column":34}},"3":{"start":{"line":5,"column":15},"end":{"line":5,"column":31}},"4":{"start":{"line":8,"column":16},"end":{"line":8,"column":41}},"5":{"start":{"line":11,"column":0},"end":{"line":13,"column":93}},"6":{"start":{"line":12,"column":18},"end":{"line":12,"column":101}},"7":{"start":{"line":13,"column":24},"end":{"line":13,"column":92}},"8":{"start":{"line":22,"column":0},"end":{"line":22,"column":23}}},"fnMap":{"0":{"name":"(anonymous_0)","decl":{"start":{"line":12,"column":10},"end":{"line":12,"column":11}},"loc":{"start":{"line":12,"column":18},"end":{"line":12,"column":101}},"line":12},"1":{"name":"(anonymous_1)","decl":{"start":{"line":13,"column":11},"end":{"line":13,"column":12}},"loc":{"start":{"line":13,"column":24},"end":{"line":13,"column":92}},"line":13}},"branchMap":{"0":{"loc":{"start":{"line":12,"column":18},"end":{"line":12,"column":101}},"type":"binary-expr","locations":[{"start":{"line":12,"column":19},"end":{"line":12,"column":42}},{"start":{"line":12,"column":48},"end":{"line":12,"column":64}},{"start":{"line":12,"column":70},"end":{"line":12,"column":100}}],"line":12}},"s":{"0":2,"1":2,"2":2,"3":2,"4":2,"5":2,"6":12,"7":4,"8":2},"f":{"0":12,"1":4},"b":{"0":[12,12,10]},"_coverageSchema":"1a1c01bbd47fc00a2c39e90264f33305004495a9","hash":"c00dd6a265b5b9f2f64aed42ea2efb4882745354"}
,"C:\\Users\\User\\git\\moment_vue\\moment_vue\\backend\\src\\routes\\v1\\users.route.js": {"path":"C:\\Users\\User\\git\\moment_vue\\moment_vue\\backend\\src\\routes\\v1\\users.route.js","statementMap":{"0":{"start":{"line":6,"column":15},"end":{"line":6,"column":31}},"1":{"start":{"line":8,"column":0},"end":{"line":10,"column":4}},"2":{"start":{"line":12,"column":0},"end":{"line":12,"column":24}}},"fnMap":{},"branchMap":{},"s":{"0":2,"1":2,"2":2},"f":{},"b":{},"_coverageSchema":"1a1c01bbd47fc00a2c39e90264f33305004495a9","hash":"bfcd54573058e8576aa86acb4336d59151e49628"}
,"C:\\Users\\User\\git\\moment_vue\\moment_vue\\backend\\src\\utils\\response.js": {"path":"C:\\Users\\User\\git\\moment_vue\\moment_vue\\backend\\src\\utils\\response.js","statementMap":{"0":{"start":{"line":1,"column":19},"end":{"line":1,"column":41}},"1":{"start":{"line":4,"column":15},"end":{"line":6,"column":3}},"2":{"start":{"line":8,"column":2},"end":{"line":10,"column":3}},"3":{"start":{"line":9,"column":4},"end":{"line":9,"column":26}},"4":{"start":{"line":12,"column":2},"end":{"line":16,"column":3}},"5":{"start":{"line":13,"column":4},"end":{"line":15,"column":14}},"6":{"start":{"line":18,"column":2},"end":{"line":19,"column":17}}},"fnMap":{"0":{"name":"(anonymous_0)","decl":{"start":{"line":3,"column":15},"end":{"line":3,"column":16}},"loc":{"start":{"line":3,"column":57},"end":{"line":20,"column":1}},"line":3}},"branchMap":{"0":{"loc":{"start":{"line":3,"column":21},"end":{"line":3,"column":30}},"type":"default-arg","locations":[{"start":{"line":3,"column":28},"end":{"line":3,"column":30}}],"line":3},"1":{"loc":{"start":{"line":3,"column":32},"end":{"line":3,"column":52}},"type":"default-arg","locations":[{"start":{"line":3,"column":39},"end":{"line":3,"column":52}}],"line":3},"2":{"loc":{"start":{"line":8,"column":2},"end":{"line":10,"column":3}},"type":"if","locations":[{"start":{"line":8,"column":2},"end":{"line":10,"column":3}},{"start":{"line":8,"column":2},"end":{"line":10,"column":3}}],"line":8},"3":{"loc":{"start":{"line":12,"column":2},"end":{"line":16,"column":3}},"type":"if","locations":[{"start":{"line":12,"column":2},"end":{"line":16,"column":3}},{"start":{"line":12,"column":2},"end":{"line":16,"column":3}}],"line":12}},"s":{"0":2,"1":5,"2":5,"3":3,"4":5,"5":5,"6":5},"f":{"0":5},"b":{"0":[0],"1":[2],"2":[3,2],"3":[5,0]},"_coverageSchema":"1a1c01bbd47fc00a2c39e90264f33305004495a9","hash":"1a1fde31a8bbdb47ab7b065cbf257e41edadb4fc"}
,"C:\\Users\\User\\git\\moment_vue\\moment_vue\\backend\\src\\utils\\uuid.js": {"path":"C:\\Users\\User\\git\\moment_vue\\moment_vue\\backend\\src\\utils\\uuid.js","statementMap":{"0":{"start":{"line":3,"column":13},"end":{"line":6,"column":1}},"1":{"start":{"line":4,"column":17},"end":{"line":4,"column":35}},"2":{"start":{"line":5,"column":2},"end":{"line":5,"column":66}}},"fnMap":{"0":{"name":"(anonymous_0)","decl":{"start":{"line":3,"column":13},"end":{"line":3,"column":14}},"loc":{"start":{"line":3,"column":19},"end":{"line":6,"column":1}},"line":3}},"branchMap":{},"s":{"0":3,"1":6,"2":6},"f":{"0":6},"b":{},"_coverageSchema":"1a1c01bbd47fc00a2c39e90264f33305004495a9","hash":"dd2a06f7ad133d476f4dff578fad40e4c5914d55"}
,"C:\\Users\\User\\git\\moment_vue\\moment_vue\\backend\\src\\wrappers\\index.js": {"path":"C:\\Users\\User\\git\\moment_vue\\moment_vue\\backend\\src\\wrappers\\index.js","statementMap":{"0":{"start":{"line":3,"column":4},"end":{"line":7,"column":5}},"1":{"start":{"line":4,"column":6},"end":{"line":4,"column":39}},"2":{"start":{"line":6,"column":6},"end":{"line":6,"column":42}},"3":{"start":{"line":11,"column":4},"end":{"line":13,"column":5}},"4":{"start":{"line":12,"column":6},"end":{"line":12,"column":17}},"5":{"start":{"line":15,"column":4},"end":{"line":15,"column":27}},"6":{"start":{"line":19,"column":4},"end":{"line":19,"column":15}},"7":{"start":{"line":23,"column":4},"end":{"line":23,"column":15}}},"fnMap":{"0":{"name":"(anonymous_0)","decl":{"start":{"line":2,"column":2},"end":{"line":2,"column":3}},"loc":{"start":{"line":2,"column":19},"end":{"line":8,"column":3}},"line":2},"1":{"name":"(anonymous_1)","decl":{"start":{"line":10,"column":2},"end":{"line":10,"column":3}},"loc":{"start":{"line":10,"column":21},"end":{"line":16,"column":3}},"line":10},"2":{"name":"(anonymous_2)","decl":{"start":{"line":18,"column":2},"end":{"line":18,"column":3}},"loc":{"start":{"line":18,"column":11},"end":{"line":20,"column":3}},"line":18},"3":{"name":"(anonymous_3)","decl":{"start":{"line":22,"column":2},"end":{"line":22,"column":3}},"loc":{"start":{"line":22,"column":10},"end":{"line":24,"column":3}},"line":22}},"branchMap":{"0":{"loc":{"start":{"line":3,"column":4},"end":{"line":7,"column":5}},"type":"if","locations":[{"start":{"line":3,"column":4},"end":{"line":7,"column":5}},{"start":{"line":3,"column":4},"end":{"line":7,"column":5}}],"line":3},"1":{"loc":{"start":{"line":11,"column":4},"end":{"line":13,"column":5}},"type":"if","locations":[{"start":{"line":11,"column":4},"end":{"line":13,"column":5}},{"start":{"line":11,"column":4},"end":{"line":13,"column":5}}],"line":11}},"s":{"0":12,"1":7,"2":5,"3":14,"4":2,"5":12,"6":6,"7":5},"f":{"0":12,"1":14,"2":6,"3":5},"b":{"0":[7,5],"1":[2,12]},"_coverageSchema":"1a1c01bbd47fc00a2c39e90264f33305004495a9","hash":"9538ec06d127b9e7e0fea25adc8fd38707ba23bf"}
,"C:\\Users\\User\\git\\moment_vue\\moment_vue\\backend\\src\\wrappers\\user.wrapper.js": {"path":"C:\\Users\\User\\git\\moment_vue\\moment_vue\\backend\\src\\wrappers\\user.wrapper.js","statementMap":{"0":{"start":{"line":5,"column":19},"end":{"line":5,"column":42}},"1":{"start":{"line":6,"column":4},"end":{"line":6,"column":26}},"2":{"start":{"line":8,"column":4},"end":{"line":8,"column":17}}},"fnMap":{"0":{"name":"(anonymous_0)","decl":{"start":{"line":4,"column":2},"end":{"line":4,"column":3}},"loc":{"start":{"line":4,"column":10},"end":{"line":9,"column":3}},"line":4}},"branchMap":{},"s":{"0":0,"1":0,"2":0},"f":{"0":0},"b":{},"_coverageSchema":"1a1c01bbd47fc00a2c39e90264f33305004495a9","hash":"966067c7558afdd7ddd4de68cf695ed93e30b549"}
}
