{"C:\\Users\\User\\git\\moment_vue\\moment_vue\\backend\\src\\app.js": {"path":"C:\\Users\\User\\git\\moment_vue\\moment_vue\\backend\\src\\app.js","statementMap":{"0":{"start":{"line":1,"column":0},"end":{"line":1,"column":27}},"1":{"start":{"line":3,"column":18},"end":{"line":3,"column":40}},"2":{"start":{"line":4,"column":14},"end":{"line":4,"column":32}},"3":{"start":{"line":5,"column":11},"end":{"line":5,"column":26}},"4":{"start":{"line":6,"column":19},"end":{"line":6,"column":43}},"5":{"start":{"line":7,"column":13},"end":{"line":7,"column":30}},"6":{"start":{"line":11,"column":19},"end":{"line":11,"column":41}},"7":{"start":{"line":12,"column":16},"end":{"line":12,"column":46}},"8":{"start":{"line":13,"column":11},"end":{"line":13,"column":26}},"9":{"start":{"line":15,"column":16},"end":{"line":15,"column":39}},"10":{"start":{"line":17,"column":10},"end":{"line":17,"column":19}},"11":{"start":{"line":18,"column":0},"end":{"line":18,"column":16}},"12":{"start":{"line":20,"column":0},"end":{"line":20,"column":23}},"13":{"start":{"line":21,"column":0},"end":{"line":21,"column":24}},"14":{"start":{"line":22,"column":0},"end":{"line":22,"column":49}},"15":{"start":{"line":23,"column":0},"end":{"line":23,"column":24}},"16":{"start":{"line":25,"column":0},"end":{"line":25,"column":63}},"17":{"start":{"line":26,"column":0},"end":{"line":26,"column":60}},"18":{"start":{"line":27,"column":0},"end":{"line":27,"column":27}},"19":{"start":{"line":28,"column":0},"end":{"line":28,"column":54}},"20":{"start":{"line":31,"column":0},"end":{"line":31,"column":22}},"21":{"start":{"line":32,"column":0},"end":{"line":32,"column":23}},"22":{"start":{"line":33,"column":0},"end":{"line":33,"column":51}},"23":{"start":{"line":38,"column":0},"end":{"line":40,"column":3}},"24":{"start":{"line":39,"column":2},"end":{"line":39,"column":25}},"25":{"start":{"line":43,"column":0},"end":{"line":66,"column":3}},"26":{"start":{"line":45,"column":17},"end":{"line":45,"column":20}},"27":{"start":{"line":47,"column":2},"end":{"line":49,"column":3}},"28":{"start":{"line":48,"column":4},"end":{"line":48,"column":31}},"29":{"start":{"line":52,"column":2},"end":{"line":52,"column":35}},"30":{"start":{"line":53,"column":2},"end":{"line":53,"column":69}},"31":{"start":{"line":63,"column":2},"end":{"line":65,"column":21}},"32":{"start":{"line":68,"column":0},"end":{"line":68,"column":21}}},"fnMap":{"0":{"name":"(anonymous_0)","decl":{"start":{"line":38,"column":8},"end":{"line":38,"column":9}},"loc":{"start":{"line":38,"column":34},"end":{"line":40,"column":1}},"line":38},"1":{"name":"(anonymous_1)","decl":{"start":{"line":43,"column":8},"end":{"line":43,"column":9}},"loc":{"start":{"line":43,"column":39},"end":{"line":66,"column":1}},"line":43}},"branchMap":{"0":{"loc":{"start":{"line":47,"column":2},"end":{"line":49,"column":3}},"type":"if","locations":[{"start":{"line":47,"column":2},"end":{"line":49,"column":3}},{"start":{"line":47,"column":2},"end":{"line":49,"column":3}}],"line":47},"1":{"loc":{"start":{"line":53,"column":21},"end":{"line":53,"column":68}},"type":"cond-expr","locations":[{"start":{"line":53,"column":60},"end":{"line":53,"column":63}},{"start":{"line":53,"column":66},"end":{"line":53,"column":68}}],"line":53}},"s":{"0":2,"1":2,"2":2,"3":2,"4":2,"5":2,"6":2,"7":2,"8":2,"9":2,"10":2,"11":2,"12":2,"13":2,"14":2,"15":2,"16":2,"17":2,"18":2,"19":2,"20":2,"21":2,"22":2,"23":2,"24":0,"25":2,"26":3,"27":3,"28":0,"29":3,"30":3,"31":3,"32":2},"f":{"0":0,"1":3},"b":{"0":[0,3],"1":[0,3]},"_coverageSchema":"1a1c01bbd47fc00a2c39e90264f33305004495a9","hash":"254b2411cc6be61245c0a19f780ce1ef6b029938"}
,"C:\\Users\\User\\git\\moment_vue\\moment_vue\\backend\\src\\caches\\user.cache.js": {"path":"C:\\Users\\User\\git\\moment_vue\\moment_vue\\backend\\src\\caches\\user.cache.js","statementMap":{"0":{"start":{"line":2,"column":14},"end":{"line":2,"column":30}},"1":{"start":{"line":3,"column":17},"end":{"line":3,"column":36}},"2":{"start":{"line":6,"column":4},"end":{"line":6,"column":59}},"3":{"start":{"line":7,"column":4},"end":{"line":9,"column":6}},"4":{"start":{"line":8,"column":6},"end":{"line":8,"column":35}},"5":{"start":{"line":11,"column":4},"end":{"line":13,"column":6}},"6":{"start":{"line":12,"column":6},"end":{"line":12,"column":41}},"7":{"start":{"line":17,"column":4},"end":{"line":23,"column":5}},"8":{"start":{"line":18,"column":6},"end":{"line":18,"column":67}},"9":{"start":{"line":19,"column":6},"end":{"line":19,"column":73}},"10":{"start":{"line":20,"column":6},"end":{"line":20,"column":91}},"11":{"start":{"line":27,"column":4},"end":{"line":40,"column":5}},"12":{"start":{"line":28,"column":6},"end":{"line":39,"column":7}},"13":{"start":{"line":29,"column":21},"end":{"line":29,"column":68}},"14":{"start":{"line":31,"column":8},"end":{"line":33,"column":9}},"15":{"start":{"line":32,"column":10},"end":{"line":32,"column":21}},"16":{"start":{"line":35,"column":8},"end":{"line":35,"column":31}},"17":{"start":{"line":38,"column":8},"end":{"line":38,"column":19}},"18":{"start":{"line":41,"column":4},"end":{"line":41,"column":15}},"19":{"start":{"line":45,"column":4},"end":{"line":53,"column":5}},"20":{"start":{"line":46,"column":6},"end":{"line":52,"column":7}},"21":{"start":{"line":47,"column":21},"end":{"line":47,"column":64}},"22":{"start":{"line":48,"column":8},"end":{"line":48,"column":30}},"23":{"start":{"line":51,"column":8},"end":{"line":51,"column":19}},"24":{"start":{"line":54,"column":4},"end":{"line":54,"column":15}},"25":{"start":{"line":58,"column":4},"end":{"line":66,"column":5}},"26":{"start":{"line":59,"column":6},"end":{"line":65,"column":7}},"27":{"start":{"line":60,"column":21},"end":{"line":60,"column":70}},"28":{"start":{"line":61,"column":8},"end":{"line":61,"column":30}},"29":{"start":{"line":64,"column":8},"end":{"line":64,"column":19}},"30":{"start":{"line":67,"column":4},"end":{"line":67,"column":15}}},"fnMap":{"0":{"name":"(anonymous_0)","decl":{"start":{"line":5,"column":2},"end":{"line":5,"column":3}},"loc":{"start":{"line":5,"column":16},"end":{"line":14,"column":3}},"line":5},"1":{"name":"(anonymous_1)","decl":{"start":{"line":7,"column":31},"end":{"line":7,"column":32}},"loc":{"start":{"line":7,"column":37},"end":{"line":9,"column":5}},"line":7},"2":{"name":"(anonymous_2)","decl":{"start":{"line":11,"column":28},"end":{"line":11,"column":29}},"loc":{"start":{"line":11,"column":35},"end":{"line":13,"column":5}},"line":11},"3":{"name":"(anonymous_3)","decl":{"start":{"line":16,"column":2},"end":{"line":16,"column":3}},"loc":{"start":{"line":16,"column":20},"end":{"line":24,"column":3}},"line":16},"4":{"name":"(anonymous_4)","decl":{"start":{"line":26,"column":2},"end":{"line":26,"column":3}},"loc":{"start":{"line":26,"column":19},"end":{"line":42,"column":3}},"line":26},"5":{"name":"(anonymous_5)","decl":{"start":{"line":44,"column":2},"end":{"line":44,"column":3}},"loc":{"start":{"line":44,"column":21},"end":{"line":55,"column":3}},"line":44},"6":{"name":"(anonymous_6)","decl":{"start":{"line":57,"column":2},"end":{"line":57,"column":3}},"loc":{"start":{"line":57,"column":27},"end":{"line":68,"column":3}},"line":57}},"branchMap":{"0":{"loc":{"start":{"line":27,"column":4},"end":{"line":40,"column":5}},"type":"if","locations":[{"start":{"line":27,"column":4},"end":{"line":40,"column":5}},{"start":{"line":27,"column":4},"end":{"line":40,"column":5}}],"line":27},"1":{"loc":{"start":{"line":31,"column":8},"end":{"line":33,"column":9}},"type":"if","locations":[{"start":{"line":31,"column":8},"end":{"line":33,"column":9}},{"start":{"line":31,"column":8},"end":{"line":33,"column":9}}],"line":31},"2":{"loc":{"start":{"line":45,"column":4},"end":{"line":53,"column":5}},"type":"if","locations":[{"start":{"line":45,"column":4},"end":{"line":53,"column":5}},{"start":{"line":45,"column":4},"end":{"line":53,"column":5}}],"line":45},"3":{"loc":{"start":{"line":58,"column":4},"end":{"line":66,"column":5}},"type":"if","locations":[{"start":{"line":58,"column":4},"end":{"line":66,"column":5}},{"start":{"line":58,"column":4},"end":{"line":66,"column":5}}],"line":58}},"s":{"0":3,"1":3,"2":12,"3":12,"4":0,"5":12,"6":14,"7":4,"8":4,"9":0,"10":0,"11":4,"12":4,"13":4,"14":0,"15":0,"16":0,"17":4,"18":0,"19":0,"20":0,"21":0,"22":0,"23":0,"24":0,"25":3,"26":3,"27":3,"28":0,"29":3,"30":0},"f":{"0":12,"1":0,"2":14,"3":4,"4":4,"5":0,"6":3},"b":{"0":[4,0],"1":[0,0],"2":[0,0],"3":[3,0]},"_coverageSchema":"1a1c01bbd47fc00a2c39e90264f33305004495a9","hash":"b0b31cf7a1c52ebb131c9d99b5a017d4e9f2f9be"}
,"C:\\Users\\User\\git\\moment_vue\\moment_vue\\backend\\src\\configs\\sequelize.js": {"path":"C:\\Users\\User\\git\\moment_vue\\moment_vue\\backend\\src\\configs\\sequelize.js","statementMap":{"0":{"start":{"line":1,"column":0},"end":{"line":1,"column":26}},"1":{"start":{"line":3,"column":0},"end":{"line":5,"column":1}},"2":{"start":{"line":4,"column":2},"end":{"line":4,"column":28}},"3":{"start":{"line":7,"column":22},"end":{"line":23,"column":1}},"4":{"start":{"line":25,"column":0},"end":{"line":40,"column":1}}},"fnMap":{},"branchMap":{"0":{"loc":{"start":{"line":3,"column":0},"end":{"line":5,"column":1}},"type":"if","locations":[{"start":{"line":3,"column":0},"end":{"line":5,"column":1}},{"start":{"line":3,"column":0},"end":{"line":5,"column":1}}],"line":3}},"s":{"0":3,"1":3,"2":3,"3":3,"4":3},"f":{},"b":{"0":[3,0]},"_coverageSchema":"1a1c01bbd47fc00a2c39e90264f33305004495a9","hash":"4f524dc59530601a47d67af520ddd873f1dabb6b"}
,"C:\\Users\\User\\git\\moment_vue\\moment_vue\\backend\\src\\configs\\auth\\socialconfig.js": {"path":"C:\\Users\\User\\git\\moment_vue\\moment_vue\\backend\\src\\configs\\auth\\socialconfig.js","statementMap":{"0":{"start":{"line":1,"column":0},"end":{"line":37,"column":2}}},"fnMap":{},"branchMap":{},"s":{"0":2},"f":{},"b":{},"_coverageSchema":"1a1c01bbd47fc00a2c39e90264f33305004495a9","hash":"30b576ed5a5ec0dc0a28bf07ef222c069bc75c30"}
,"C:\\Users\\User\\git\\moment_vue\\moment_vue\\backend\\src\\configs\\db\\dbconfig.js": {"path":"C:\\Users\\User\\git\\moment_vue\\moment_vue\\backend\\src\\configs\\db\\dbconfig.js","statementMap":{"0":{"start":{"line":1,"column":15},"end":{"line":9,"column":1}},"1":{"start":{"line":11,"column":0},"end":{"line":11,"column":24}}},"fnMap":{},"branchMap":{},"s":{"0":2,"1":2},"f":{},"b":{},"_coverageSchema":"1a1c01bbd47fc00a2c39e90264f33305004495a9","hash":"56fc9dc5f5184046217cded38ee030ec59ca2860"}
,"C:\\Users\\User\\git\\moment_vue\\moment_vue\\backend\\src\\configs\\db\\logger.js": {"path":"C:\\Users\\User\\git\\moment_vue\\moment_vue\\backend\\src\\configs\\db\\logger.js","statementMap":{"0":{"start":{"line":1,"column":16},"end":{"line":1,"column":40}},"1":{"start":{"line":2,"column":16},"end":{"line":2,"column":34}},"2":{"start":{"line":3,"column":16},"end":{"line":3,"column":34}},"3":{"start":{"line":5,"column":46},"end":{"line":5,"column":60}},"4":{"start":{"line":7,"column":17},"end":{"line":9,"column":2}},"5":{"start":{"line":8,"column":2},"end":{"line":8,"column":56}},"6":{"start":{"line":11,"column":16},"end":{"line":34,"column":1}},"7":{"start":{"line":43,"column":13},"end":{"line":46,"column":2}},"8":{"start":{"line":52,"column":0},"end":{"line":56,"column":2}},"9":{"start":{"line":54,"column":4},"end":{"line":54,"column":25}},"10":{"start":{"line":58,"column":0},"end":{"line":58,"column":24}}},"fnMap":{"0":{"name":"(anonymous_0)","decl":{"start":{"line":7,"column":24},"end":{"line":7,"column":25}},"loc":{"start":{"line":7,"column":66},"end":{"line":9,"column":1}},"line":7},"1":{"name":"(anonymous_1)","decl":{"start":{"line":53,"column":9},"end":{"line":53,"column":10}},"loc":{"start":{"line":53,"column":38},"end":{"line":55,"column":3}},"line":53}},"branchMap":{},"s":{"0":2,"1":2,"2":2,"3":2,"4":2,"5":9,"6":2,"7":2,"8":2,"9":7,"10":2},"f":{"0":9,"1":7},"b":{},"_coverageSchema":"1a1c01bbd47fc00a2c39e90264f33305004495a9","hash":"51ff9ca82ded97b88617f592b74e3f90e1688bb1"}
,"C:\\Users\\User\\git\\moment_vue\\moment_vue\\backend\\src\\configs\\db\\mysqlConn.js": {"path":"C:\\Users\\User\\git\\moment_vue\\moment_vue\\backend\\src\\configs\\db\\mysqlConn.js","statementMap":{"0":{"start":{"line":1,"column":14},"end":{"line":1,"column":30}},"1":{"start":{"line":2,"column":15},"end":{"line":2,"column":36}},"2":{"start":{"line":3,"column":15},"end":{"line":3,"column":34}},"3":{"start":{"line":5,"column":13},"end":{"line":5,"column":37}},"4":{"start":{"line":6,"column":0},"end":{"line":6,"column":40}},"5":{"start":{"line":8,"column":0},"end":{"line":10,"column":3}},"6":{"start":{"line":9,"column":2},"end":{"line":9,"column":60}},"7":{"start":{"line":12,"column":0},"end":{"line":14,"column":3}},"8":{"start":{"line":13,"column":2},"end":{"line":13,"column":55}},"9":{"start":{"line":16,"column":0},"end":{"line":18,"column":3}},"10":{"start":{"line":17,"column":2},"end":{"line":17,"column":60}},"11":{"start":{"line":20,"column":16},"end":{"line":24,"column":1}},"12":{"start":{"line":21,"column":2},"end":{"line":23,"column":5}},"13":{"start":{"line":22,"column":4},"end":{"line":22,"column":30}},"14":{"start":{"line":26,"column":0},"end":{"line":26,"column":25}}},"fnMap":{"0":{"name":"(anonymous_0)","decl":{"start":{"line":8,"column":19},"end":{"line":8,"column":20}},"loc":{"start":{"line":8,"column":41},"end":{"line":10,"column":1}},"line":8},"1":{"name":"(anonymous_1)","decl":{"start":{"line":12,"column":19},"end":{"line":12,"column":20}},"loc":{"start":{"line":12,"column":31},"end":{"line":14,"column":1}},"line":12},"2":{"name":"(anonymous_2)","decl":{"start":{"line":16,"column":19},"end":{"line":16,"column":20}},"loc":{"start":{"line":16,"column":41},"end":{"line":18,"column":1}},"line":16},"3":{"name":"(anonymous_3)","decl":{"start":{"line":20,"column":16},"end":{"line":20,"column":17}},"loc":{"start":{"line":20,"column":35},"end":{"line":24,"column":1}},"line":20},"4":{"name":"(anonymous_4)","decl":{"start":{"line":21,"column":21},"end":{"line":21,"column":22}},"loc":{"start":{"line":21,"column":47},"end":{"line":23,"column":3}},"line":21}},"branchMap":{},"s":{"0":2,"1":2,"2":2,"3":2,"4":2,"5":2,"6":0,"7":2,"8":0,"9":2,"10":0,"11":2,"12":0,"13":0,"14":2},"f":{"0":0,"1":0,"2":0,"3":0,"4":0},"b":{},"_coverageSchema":"1a1c01bbd47fc00a2c39e90264f33305004495a9","hash":"8682ba8b2119fe7ac8a5b4f59ede091924332d2f"}
,"C:\\Users\\User\\git\\moment_vue\\moment_vue\\backend\\src\\configs\\query\\homequery.js": {"path":"C:\\Users\\User\\git\\moment_vue\\moment_vue\\backend\\src\\configs\\query\\homequery.js","statementMap":{"0":{"start":{"line":2,"column":13},"end":{"line":2,"column":28}},"1":{"start":{"line":3,"column":12},"end":{"line":3,"column":25}},"2":{"start":{"line":4,"column":12},"end":{"line":4,"column":25}},"3":{"start":{"line":5,"column":2},"end":{"line":5,"column":20}},"4":{"start":{"line":6,"column":2},"end":{"line":6,"column":19}},"5":{"start":{"line":7,"column":2},"end":{"line":7,"column":19}},"6":{"start":{"line":8,"column":2},"end":{"line":8,"column":37}},"7":{"start":{"line":9,"column":2},"end":{"line":9,"column":37}},"8":{"start":{"line":10,"column":2},"end":{"line":10,"column":39}},"9":{"start":{"line":12,"column":14},"end":{"line":12,"column":47}},"10":{"start":{"line":13,"column":14},"end":{"line":13,"column":43}},"11":{"start":{"line":14,"column":2},"end":{"line":16,"column":3}},"12":{"start":{"line":15,"column":4},"end":{"line":15,"column":15}},"13":{"start":{"line":17,"column":13},"end":{"line":17,"column":50}},"14":{"start":{"line":18,"column":2},"end":{"line":18,"column":39}},"15":{"start":{"line":19,"column":2},"end":{"line":19,"column":39}},"16":{"start":{"line":20,"column":2},"end":{"line":20,"column":32}},"17":{"start":{"line":21,"column":14},"end":{"line":29,"column":38}},"18":{"start":{"line":31,"column":2},"end":{"line":31,"column":45}},"19":{"start":{"line":33,"column":2},"end":{"line":33,"column":13}},"20":{"start":{"line":37,"column":13},"end":{"line":37,"column":28}},"21":{"start":{"line":38,"column":11},"end":{"line":38,"column":24}},"22":{"start":{"line":39,"column":2},"end":{"line":39,"column":22}},"23":{"start":{"line":40,"column":2},"end":{"line":40,"column":20}},"24":{"start":{"line":41,"column":2},"end":{"line":41,"column":20}},"25":{"start":{"line":42,"column":2},"end":{"line":42,"column":18}},"26":{"start":{"line":44,"column":12},"end":{"line":67,"column":39}},"27":{"start":{"line":69,"column":2},"end":{"line":69,"column":13}},"28":{"start":{"line":72,"column":0},"end":{"line":72,"column":44}}},"fnMap":{"0":{"name":"homeSelectq","decl":{"start":{"line":1,"column":9},"end":{"line":1,"column":20}},"loc":{"start":{"line":1,"column":26},"end":{"line":34,"column":1}},"line":1},"1":{"name":"dataViewq","decl":{"start":{"line":36,"column":9},"end":{"line":36,"column":18}},"loc":{"start":{"line":36,"column":24},"end":{"line":70,"column":1}},"line":36}},"branchMap":{"0":{"loc":{"start":{"line":14,"column":2},"end":{"line":16,"column":3}},"type":"if","locations":[{"start":{"line":14,"column":2},"end":{"line":16,"column":3}},{"start":{"line":14,"column":2},"end":{"line":16,"column":3}}],"line":14}},"s":{"0":0,"1":0,"2":0,"3":0,"4":0,"5":0,"6":0,"7":0,"8":0,"9":0,"10":0,"11":0,"12":0,"13":0,"14":0,"15":0,"16":0,"17":0,"18":0,"19":0,"20":0,"21":0,"22":0,"23":0,"24":0,"25":0,"26":0,"27":0,"28":2},"f":{"0":0,"1":0},"b":{"0":[0,0]},"_coverageSchema":"1a1c01bbd47fc00a2c39e90264f33305004495a9","hash":"a3554c04fe7ddeec0b97aec58bf996d02b0d0ace"}
,"C:\\Users\\User\\git\\moment_vue\\moment_vue\\backend\\src\\controllers\\v1\\auth.controller.js": {"path":"C:\\Users\\User\\git\\moment_vue\\moment_vue\\backend\\src\\controllers\\v1\\auth.controller.js","statementMap":{"0":{"start":{"line":8,"column":14},"end":{"line":40,"column":1}},"1":{"start":{"line":9,"column":2},"end":{"line":39,"column":3}},"2":{"start":{"line":10,"column":18},"end":{"line":10,"column":32}},"3":{"start":{"line":11,"column":21},"end":{"line":11,"column":38}},"4":{"start":{"line":12,"column":21},"end":{"line":12,"column":35}},"5":{"start":{"line":13,"column":17},"end":{"line":13,"column":50}},"6":{"start":{"line":15,"column":4},"end":{"line":17,"column":5}},"7":{"start":{"line":16,"column":6},"end":{"line":16,"column":54}},"8":{"start":{"line":20,"column":18},"end":{"line":20,"column":63}},"9":{"start":{"line":22,"column":4},"end":{"line":24,"column":5}},"10":{"start":{"line":23,"column":6},"end":{"line":23,"column":53}},"11":{"start":{"line":27,"column":20},"end":{"line":30,"column":5}},"12":{"start":{"line":32,"column":18},"end":{"line":34,"column":6}},"13":{"start":{"line":36,"column":4},"end":{"line":36,"column":33}},"14":{"start":{"line":38,"column":4},"end":{"line":38,"column":11}},"15":{"start":{"line":42,"column":18},"end":{"line":48,"column":1}},"16":{"start":{"line":43,"column":2},"end":{"line":47,"column":3}},"17":{"start":{"line":44,"column":4},"end":{"line":44,"column":34}},"18":{"start":{"line":46,"column":4},"end":{"line":46,"column":11}}},"fnMap":{"0":{"name":"(anonymous_0)","decl":{"start":{"line":8,"column":14},"end":{"line":8,"column":15}},"loc":{"start":{"line":8,"column":40},"end":{"line":40,"column":1}},"line":8},"1":{"name":"(anonymous_1)","decl":{"start":{"line":42,"column":18},"end":{"line":42,"column":19}},"loc":{"start":{"line":42,"column":44},"end":{"line":48,"column":1}},"line":42}},"branchMap":{"0":{"loc":{"start":{"line":15,"column":4},"end":{"line":17,"column":5}},"type":"if","locations":[{"start":{"line":15,"column":4},"end":{"line":17,"column":5}},{"start":{"line":15,"column":4},"end":{"line":17,"column":5}}],"line":15},"1":{"loc":{"start":{"line":22,"column":4},"end":{"line":24,"column":5}},"type":"if","locations":[{"start":{"line":22,"column":4},"end":{"line":24,"column":5}},{"start":{"line":22,"column":4},"end":{"line":24,"column":5}}],"line":22}},"s":{"0":2,"1":3,"2":3,"3":3,"4":3,"5":3,"6":3,"7":1,"8":2,"9":2,"10":1,"11":1,"12":1,"13":1,"14":0,"15":2,"16":1,"17":1,"18":0},"f":{"0":3,"1":1},"b":{"0":[1,2],"1":[1,1]},"_coverageSchema":"1a1c01bbd47fc00a2c39e90264f33305004495a9","hash":"a91322f9b1f8b20c2bcdc28773dede55dccbb937"}
,"C:\\Users\\User\\git\\moment_vue\\moment_vue\\backend\\src\\controllers\\v1\\moment.controller.js": {"path":"C:\\Users\\User\\git\\moment_vue\\moment_vue\\backend\\src\\controllers\\v1\\moment.controller.js","statementMap":{"0":{"start":{"line":1,"column":13},"end":{"line":1,"column":50}},"1":{"start":{"line":2,"column":18},"end":{"line":2,"column":58}},"2":{"start":{"line":4,"column":14},"end":{"line":20,"column":3}},"3":{"start":{"line":5,"column":4},"end":{"line":19,"column":5}},"4":{"start":{"line":6,"column":6},"end":{"line":6,"column":37}},"5":{"start":{"line":7,"column":6},"end":{"line":7,"column":35}},"6":{"start":{"line":8,"column":18},"end":{"line":8,"column":50}},"7":{"start":{"line":9,"column":6},"end":{"line":16,"column":9}},"8":{"start":{"line":10,"column":8},"end":{"line":10,"column":25}},"9":{"start":{"line":11,"column":8},"end":{"line":15,"column":11}},"10":{"start":{"line":12,"column":10},"end":{"line":12,"column":31}},"11":{"start":{"line":13,"column":10},"end":{"line":13,"column":49}},"12":{"start":{"line":13,"column":19},"end":{"line":13,"column":49}},"13":{"start":{"line":14,"column":10},"end":{"line":14,"column":75}},"14":{"start":{"line":18,"column":6},"end":{"line":18,"column":13}},"15":{"start":{"line":22,"column":18},"end":{"line":40,"column":3}},"16":{"start":{"line":23,"column":2},"end":{"line":39,"column":3}},"17":{"start":{"line":24,"column":16},"end":{"line":24,"column":46}},"18":{"start":{"line":25,"column":4},"end":{"line":36,"column":7}},"19":{"start":{"line":26,"column":6},"end":{"line":26,"column":25}},"20":{"start":{"line":26,"column":15},"end":{"line":26,"column":25}},"21":{"start":{"line":27,"column":6},"end":{"line":27,"column":23}},"22":{"start":{"line":28,"column":6},"end":{"line":35,"column":9}},"23":{"start":{"line":29,"column":8},"end":{"line":29,"column":29}},"24":{"start":{"line":31,"column":8},"end":{"line":31,"column":27}},"25":{"start":{"line":31,"column":17},"end":{"line":31,"column":27}},"26":{"start":{"line":32,"column":8},"end":{"line":32,"column":30}},"27":{"start":{"line":38,"column":4},"end":{"line":38,"column":11}}},"fnMap":{"0":{"name":"(anonymous_0)","decl":{"start":{"line":4,"column":14},"end":{"line":4,"column":15}},"loc":{"start":{"line":4,"column":46},"end":{"line":20,"column":3}},"line":4},"1":{"name":"(anonymous_1)","decl":{"start":{"line":9,"column":17},"end":{"line":9,"column":18}},"loc":{"start":{"line":9,"column":44},"end":{"line":16,"column":7}},"line":9},"2":{"name":"(anonymous_2)","decl":{"start":{"line":11,"column":30},"end":{"line":11,"column":31}},"loc":{"start":{"line":11,"column":54},"end":{"line":15,"column":9}},"line":11},"3":{"name":"(anonymous_3)","decl":{"start":{"line":22,"column":18},"end":{"line":22,"column":19}},"loc":{"start":{"line":22,"column":50},"end":{"line":40,"column":3}},"line":22},"4":{"name":"(anonymous_4)","decl":{"start":{"line":25,"column":15},"end":{"line":25,"column":16}},"loc":{"start":{"line":25,"column":42},"end":{"line":36,"column":5}},"line":25},"5":{"name":"(anonymous_5)","decl":{"start":{"line":28,"column":28},"end":{"line":28,"column":29}},"loc":{"start":{"line":28,"column":49},"end":{"line":35,"column":7}},"line":28}},"branchMap":{"0":{"loc":{"start":{"line":13,"column":10},"end":{"line":13,"column":49}},"type":"if","locations":[{"start":{"line":13,"column":10},"end":{"line":13,"column":49}},{"start":{"line":13,"column":10},"end":{"line":13,"column":49}}],"line":13},"1":{"loc":{"start":{"line":26,"column":6},"end":{"line":26,"column":25}},"type":"if","locations":[{"start":{"line":26,"column":6},"end":{"line":26,"column":25}},{"start":{"line":26,"column":6},"end":{"line":26,"column":25}}],"line":26},"2":{"loc":{"start":{"line":31,"column":8},"end":{"line":31,"column":27}},"type":"if","locations":[{"start":{"line":31,"column":8},"end":{"line":31,"column":27}},{"start":{"line":31,"column":8},"end":{"line":31,"column":27}}],"line":31}},"s":{"0":2,"1":2,"2":2,"3":0,"4":0,"5":0,"6":0,"7":0,"8":0,"9":0,"10":0,"11":0,"12":0,"13":0,"14":0,"15":2,"16":0,"17":0,"18":0,"19":0,"20":0,"21":0,"22":0,"23":0,"24":0,"25":0,"26":0,"27":0},"f":{"0":0,"1":0,"2":0,"3":0,"4":0,"5":0},"b":{"0":[0,0],"1":[0,0],"2":[0,0]},"_coverageSchema":"1a1c01bbd47fc00a2c39e90264f33305004495a9","hash":"36c7f33b42b90533887aca9ca85f573a67fb2d52"}
,"C:\\Users\\User\\git\\moment_vue\\moment_vue\\backend\\src\\controllers\\v1\\user.controller.js": {"path":"C:\\Users\\User\\git\\moment_vue\\moment_vue\\backend\\src\\controllers\\v1\\user.controller.js","statementMap":{"0":{"start":{"line":5,"column":13},"end":{"line":27,"column":3}},"1":{"start":{"line":7,"column":4},"end":{"line":26,"column":5}},"2":{"start":{"line":8,"column":23},"end":{"line":8,"column":37}},"3":{"start":{"line":9,"column":6},"end":{"line":23,"column":7}},"4":{"start":{"line":10,"column":21},"end":{"line":10,"column":57}},"5":{"start":{"line":12,"column":8},"end":{"line":14,"column":9}},"6":{"start":{"line":13,"column":10},"end":{"line":13,"column":70}},"7":{"start":{"line":16,"column":8},"end":{"line":18,"column":29}},"8":{"start":{"line":20,"column":22},"end":{"line":20,"column":42}},"9":{"start":{"line":22,"column":8},"end":{"line":22,"column":56}},"10":{"start":{"line":22,"column":42},"end":{"line":22,"column":54}},"11":{"start":{"line":25,"column":6},"end":{"line":25,"column":13}}},"fnMap":{"0":{"name":"(anonymous_0)","decl":{"start":{"line":5,"column":13},"end":{"line":5,"column":14}},"loc":{"start":{"line":5,"column":39},"end":{"line":27,"column":3}},"line":5},"1":{"name":"(anonymous_1)","decl":{"start":{"line":22,"column":34},"end":{"line":22,"column":35}},"loc":{"start":{"line":22,"column":42},"end":{"line":22,"column":54}},"line":22}},"branchMap":{"0":{"loc":{"start":{"line":9,"column":6},"end":{"line":23,"column":7}},"type":"if","locations":[{"start":{"line":9,"column":6},"end":{"line":23,"column":7}},{"start":{"line":9,"column":6},"end":{"line":23,"column":7}}],"line":9},"1":{"loc":{"start":{"line":12,"column":8},"end":{"line":14,"column":9}},"type":"if","locations":[{"start":{"line":12,"column":8},"end":{"line":14,"column":9}},{"start":{"line":12,"column":8},"end":{"line":14,"column":9}}],"line":12}},"s":{"0":2,"1":3,"2":3,"3":3,"4":2,"5":2,"6":1,"7":1,"8":1,"9":1,"10":4,"11":1},"f":{"0":3,"1":4},"b":{"0":[2,1],"1":[1,1]},"_coverageSchema":"1a1c01bbd47fc00a2c39e90264f33305004495a9","hash":"37d92940775afe42b827b6b8dbafc77dc6ba51d3"}
,"C:\\Users\\User\\git\\moment_vue\\moment_vue\\backend\\src\\middlewares\\jwt.middleware.js": {"path":"C:\\Users\\User\\git\\moment_vue\\moment_vue\\backend\\src\\middlewares\\jwt.middleware.js","statementMap":{"0":{"start":{"line":5,"column":2},"end":{"line":33,"column":3}},"1":{"start":{"line":6,"column":4},"end":{"line":6,"column":19}},"2":{"start":{"line":8,"column":4},"end":{"line":28,"column":5}},"3":{"start":{"line":10,"column":6},"end":{"line":19,"column":10}},"4":{"start":{"line":14,"column":10},"end":{"line":16,"column":11}},"5":{"start":{"line":15,"column":12},"end":{"line":15,"column":62}},"6":{"start":{"line":18,"column":10},"end":{"line":18,"column":29}},"7":{"start":{"line":20,"column":23},"end":{"line":20,"column":37}},"8":{"start":{"line":21,"column":19},"end":{"line":21,"column":44}},"9":{"start":{"line":23,"column":6},"end":{"line":25,"column":7}},"10":{"start":{"line":24,"column":8},"end":{"line":24,"column":56}},"11":{"start":{"line":27,"column":6},"end":{"line":27,"column":21}},"12":{"start":{"line":30,"column":4},"end":{"line":30,"column":10}},"13":{"start":{"line":32,"column":4},"end":{"line":32,"column":11}}},"fnMap":{"0":{"name":"(anonymous_0)","decl":{"start":{"line":4,"column":15},"end":{"line":4,"column":16}},"loc":{"start":{"line":4,"column":41},"end":{"line":34,"column":1}},"line":4},"1":{"name":"(anonymous_1)","decl":{"start":{"line":13,"column":8},"end":{"line":13,"column":9}},"loc":{"start":{"line":13,"column":26},"end":{"line":19,"column":9}},"line":13}},"branchMap":{"0":{"loc":{"start":{"line":8,"column":4},"end":{"line":28,"column":5}},"type":"if","locations":[{"start":{"line":8,"column":4},"end":{"line":28,"column":5}},{"start":{"line":8,"column":4},"end":{"line":28,"column":5}}],"line":8},"1":{"loc":{"start":{"line":14,"column":10},"end":{"line":16,"column":11}},"type":"if","locations":[{"start":{"line":14,"column":10},"end":{"line":16,"column":11}},{"start":{"line":14,"column":10},"end":{"line":16,"column":11}}],"line":14},"2":{"loc":{"start":{"line":23,"column":6},"end":{"line":25,"column":7}},"type":"if","locations":[{"start":{"line":23,"column":6},"end":{"line":25,"column":7}},{"start":{"line":23,"column":6},"end":{"line":25,"column":7}}],"line":23}},"s":{"0":7,"1":7,"2":7,"3":1,"4":1,"5":0,"6":1,"7":1,"8":1,"9":1,"10":0,"11":1,"12":7,"13":0},"f":{"0":7,"1":1},"b":{"0":[1,6],"1":[0,1],"2":[0,1]},"_coverageSchema":"1a1c01bbd47fc00a2c39e90264f33305004495a9","hash":"d0f85e68f3bbffeb320ffa5f6e87168539f66c86"}
,"C:\\Users\\User\\git\\moment_vue\\moment_vue\\backend\\src\\models\\index.js": {"path":"C:\\Users\\User\\git\\moment_vue\\moment_vue\\backend\\src\\models\\index.js","statementMap":{"0":{"start":{"line":4,"column":18},"end":{"line":4,"column":38}},"1":{"start":{"line":5,"column":15},"end":{"line":5,"column":84}},"2":{"start":{"line":6,"column":17},"end":{"line":6,"column":42}},"3":{"start":{"line":8,"column":15},"end":{"line":8,"column":17}},"4":{"start":{"line":11,"column":0},"end":{"line":15,"column":1}},"5":{"start":{"line":12,"column":2},"end":{"line":12,"column":73}},"6":{"start":{"line":14,"column":2},"end":{"line":14,"column":86}},"7":{"start":{"line":17,"column":0},"end":{"line":22,"column":4}},"8":{"start":{"line":18,"column":18},"end":{"line":18,"column":102}},"9":{"start":{"line":20,"column":18},"end":{"line":20,"column":65}},"10":{"start":{"line":21,"column":4},"end":{"line":21,"column":30}},"11":{"start":{"line":24,"column":0},"end":{"line":28,"column":2}},"12":{"start":{"line":25,"column":2},"end":{"line":27,"column":3}},"13":{"start":{"line":26,"column":4},"end":{"line":26,"column":39}},"14":{"start":{"line":30,"column":0},"end":{"line":30,"column":28}},"15":{"start":{"line":31,"column":0},"end":{"line":31,"column":28}}},"fnMap":{"0":{"name":"(anonymous_0)","decl":{"start":{"line":18,"column":10},"end":{"line":18,"column":11}},"loc":{"start":{"line":18,"column":18},"end":{"line":18,"column":102}},"line":18},"1":{"name":"(anonymous_1)","decl":{"start":{"line":19,"column":11},"end":{"line":19,"column":12}},"loc":{"start":{"line":19,"column":19},"end":{"line":22,"column":3}},"line":19},"2":{"name":"(anonymous_2)","decl":{"start":{"line":24,"column":28},"end":{"line":24,"column":29}},"loc":{"start":{"line":24,"column":41},"end":{"line":28,"column":1}},"line":24}},"branchMap":{"0":{"loc":{"start":{"line":11,"column":0},"end":{"line":15,"column":1}},"type":"if","locations":[{"start":{"line":11,"column":0},"end":{"line":15,"column":1}},{"start":{"line":11,"column":0},"end":{"line":15,"column":1}}],"line":11},"1":{"loc":{"start":{"line":18,"column":18},"end":{"line":18,"column":102}},"type":"binary-expr","locations":[{"start":{"line":18,"column":19},"end":{"line":18,"column":42}},{"start":{"line":18,"column":48},"end":{"line":18,"column":65}},{"start":{"line":18,"column":71},"end":{"line":18,"column":101}}],"line":18},"2":{"loc":{"start":{"line":25,"column":2},"end":{"line":27,"column":3}},"type":"if","locations":[{"start":{"line":25,"column":2},"end":{"line":27,"column":3}},{"start":{"line":25,"column":2},"end":{"line":27,"column":3}}],"line":25}},"s":{"0":3,"1":3,"2":3,"3":3,"4":3,"5":0,"6":3,"7":3,"8":6,"9":3,"10":3,"11":3,"12":3,"13":3,"14":3,"15":3},"f":{"0":6,"1":3,"2":3},"b":{"0":[0,3],"1":[6,6,3],"2":[3,0]},"_coverageSchema":"1a1c01bbd47fc00a2c39e90264f33305004495a9","hash":"7253694ba623522460d1567770630e2344c10cad"}
,"C:\\Users\\User\\git\\moment_vue\\moment_vue\\backend\\src\\models\\user.model.js": {"path":"C:\\Users\\User\\git\\moment_vue\\moment_vue\\backend\\src\\models\\user.model.js","statementMap":{"0":{"start":{"line":6,"column":0},"end":{"line":79,"column":1}},"1":{"start":{"line":7,"column":15},"end":{"line":46,"column":4}},"2":{"start":{"line":12,"column":26},"end":{"line":12,"column":52}},"3":{"start":{"line":14,"column":8},"end":{"line":14,"column":69}},"4":{"start":{"line":48,"column":2},"end":{"line":50,"column":3}},"5":{"start":{"line":53,"column":2},"end":{"line":58,"column":5}},"6":{"start":{"line":54,"column":4},"end":{"line":57,"column":5}},"7":{"start":{"line":55,"column":19},"end":{"line":55,"column":43}},"8":{"start":{"line":56,"column":6},"end":{"line":56,"column":61}},"9":{"start":{"line":62,"column":2},"end":{"line":65,"column":4}},"10":{"start":{"line":63,"column":22},"end":{"line":63,"column":37}},"11":{"start":{"line":64,"column":4},"end":{"line":64,"column":31}},"12":{"start":{"line":69,"column":2},"end":{"line":76,"column":3}},"13":{"start":{"line":70,"column":19},"end":{"line":70,"column":48}},"14":{"start":{"line":72,"column":4},"end":{"line":72,"column":20}},"15":{"start":{"line":73,"column":4},"end":{"line":73,"column":26}},"16":{"start":{"line":75,"column":4},"end":{"line":75,"column":17}},"17":{"start":{"line":78,"column":2},"end":{"line":78,"column":13}}},"fnMap":{"0":{"name":"(anonymous_0)","decl":{"start":{"line":6,"column":17},"end":{"line":6,"column":18}},"loc":{"start":{"line":6,"column":43},"end":{"line":79,"column":1}},"line":6},"1":{"name":"(anonymous_1)","decl":{"start":{"line":12,"column":20},"end":{"line":12,"column":21}},"loc":{"start":{"line":12,"column":26},"end":{"line":12,"column":52}},"line":12},"2":{"name":"(anonymous_2)","decl":{"start":{"line":13,"column":11},"end":{"line":13,"column":12}},"loc":{"start":{"line":13,"column":23},"end":{"line":15,"column":7}},"line":13},"3":{"name":"(anonymous_3)","decl":{"start":{"line":48,"column":19},"end":{"line":48,"column":20}},"loc":{"start":{"line":48,"column":37},"end":{"line":50,"column":3}},"line":48},"4":{"name":"(anonymous_4)","decl":{"start":{"line":53,"column":18},"end":{"line":53,"column":19}},"loc":{"start":{"line":53,"column":43},"end":{"line":58,"column":3}},"line":53},"5":{"name":"(anonymous_5)","decl":{"start":{"line":62,"column":17},"end":{"line":62,"column":18}},"loc":{"start":{"line":62,"column":42},"end":{"line":65,"column":3}},"line":62},"6":{"name":"(anonymous_6)","decl":{"start":{"line":69,"column":25},"end":{"line":69,"column":26}},"loc":{"start":{"line":69,"column":37},"end":{"line":76,"column":3}},"line":69}},"branchMap":{"0":{"loc":{"start":{"line":54,"column":4},"end":{"line":57,"column":5}},"type":"if","locations":[{"start":{"line":54,"column":4},"end":{"line":57,"column":5}},{"start":{"line":54,"column":4},"end":{"line":57,"column":5}}],"line":54}},"s":{"0":3,"1":3,"2":4,"3":14,"4":3,"5":3,"6":4,"7":4,"8":4,"9":3,"10":4,"11":4,"12":3,"13":5,"14":5,"15":5,"16":5,"17":3},"f":{"0":3,"1":4,"2":14,"3":3,"4":4,"5":4,"6":5},"b":{"0":[4,0]},"_coverageSchema":"1a1c01bbd47fc00a2c39e90264f33305004495a9","hash":"082ca39590083b1686a58dc36457cdcc8386dc46"}
,"C:\\Users\\User\\git\\moment_vue\\moment_vue\\backend\\src\\repositories\\user.repository.js": {"path":"C:\\Users\\User\\git\\moment_vue\\moment_vue\\backend\\src\\repositories\\user.repository.js","statementMap":{"0":{"start":{"line":6,"column":4},"end":{"line":6,"column":36}},"1":{"start":{"line":10,"column":17},"end":{"line":10,"column":47}},"2":{"start":{"line":11,"column":4},"end":{"line":11,"column":24}},"3":{"start":{"line":15,"column":4},"end":{"line":15,"column":32}},"4":{"start":{"line":19,"column":17},"end":{"line":19,"column":48}},"5":{"start":{"line":21,"column":4},"end":{"line":31,"column":5}},"6":{"start":{"line":23,"column":6},"end":{"line":23,"column":29}},"7":{"start":{"line":26,"column":6},"end":{"line":30,"column":8}},"8":{"start":{"line":35,"column":17},"end":{"line":35,"column":50}},"9":{"start":{"line":37,"column":4},"end":{"line":41,"column":5}},"10":{"start":{"line":38,"column":6},"end":{"line":38,"column":29}},"11":{"start":{"line":40,"column":6},"end":{"line":40,"column":37}},"12":{"start":{"line":45,"column":17},"end":{"line":45,"column":56}},"13":{"start":{"line":47,"column":4},"end":{"line":55,"column":5}},"14":{"start":{"line":48,"column":6},"end":{"line":48,"column":29}},"15":{"start":{"line":50,"column":6},"end":{"line":54,"column":8}}},"fnMap":{"0":{"name":"(anonymous_0)","decl":{"start":{"line":5,"column":2},"end":{"line":5,"column":3}},"loc":{"start":{"line":5,"column":16},"end":{"line":7,"column":3}},"line":5},"1":{"name":"(anonymous_1)","decl":{"start":{"line":9,"column":2},"end":{"line":9,"column":3}},"loc":{"start":{"line":9,"column":20},"end":{"line":12,"column":3}},"line":9},"2":{"name":"(anonymous_2)","decl":{"start":{"line":14,"column":2},"end":{"line":14,"column":3}},"loc":{"start":{"line":14,"column":8},"end":{"line":16,"column":3}},"line":14},"3":{"name":"(anonymous_3)","decl":{"start":{"line":18,"column":2},"end":{"line":18,"column":3}},"loc":{"start":{"line":18,"column":19},"end":{"line":32,"column":3}},"line":18},"4":{"name":"(anonymous_4)","decl":{"start":{"line":34,"column":2},"end":{"line":34,"column":3}},"loc":{"start":{"line":34,"column":21},"end":{"line":42,"column":3}},"line":34},"5":{"name":"(anonymous_5)","decl":{"start":{"line":44,"column":2},"end":{"line":44,"column":3}},"loc":{"start":{"line":44,"column":27},"end":{"line":56,"column":3}},"line":44}},"branchMap":{"0":{"loc":{"start":{"line":21,"column":4},"end":{"line":31,"column":5}},"type":"if","locations":[{"start":{"line":21,"column":4},"end":{"line":31,"column":5}},{"start":{"line":21,"column":4},"end":{"line":31,"column":5}}],"line":21},"1":{"loc":{"start":{"line":37,"column":4},"end":{"line":41,"column":5}},"type":"if","locations":[{"start":{"line":37,"column":4},"end":{"line":41,"column":5}},{"start":{"line":37,"column":4},"end":{"line":41,"column":5}}],"line":37},"2":{"loc":{"start":{"line":47,"column":4},"end":{"line":55,"column":5}},"type":"if","locations":[{"start":{"line":47,"column":4},"end":{"line":55,"column":5}},{"start":{"line":47,"column":4},"end":{"line":55,"column":5}}],"line":47}},"s":{"0":8,"1":1,"2":1,"3":1,"4":4,"5":4,"6":0,"7":4,"8":0,"9":0,"10":0,"11":0,"12":3,"13":3,"14":0,"15":3},"f":{"0":8,"1":1,"2":1,"3":4,"4":0,"5":3},"b":{"0":[0,4],"1":[0,0],"2":[0,3]},"_coverageSchema":"1a1c01bbd47fc00a2c39e90264f33305004495a9","hash":"41c6c2a9099a7769eb4e68cc56f2df43d1c9c642"}
,"C:\\Users\\User\\git\\moment_vue\\moment_vue\\backend\\src\\routes\\v1\\auth.route.js": {"path":"C:\\Users\\User\\git\\moment_vue\\moment_vue\\backend\\src\\routes\\v1\\auth.route.js","statementMap":{"0":{"start":{"line":1,"column":17},"end":{"line":1,"column":35}},"1":{"start":{"line":5,"column":16},"end":{"line":5,"column":32}},"2":{"start":{"line":7,"column":0},"end":{"line":10,"column":3}},"3":{"start":{"line":11,"column":0},"end":{"line":14,"column":3}},"4":{"start":{"line":17,"column":0},"end":{"line":54,"column":3}},"5":{"start":{"line":18,"column":2},"end":{"line":18,"column":35}},"6":{"start":{"line":19,"column":2},"end":{"line":53,"column":3}},"7":{"start":{"line":27,"column":6},"end":{"line":27,"column":27}},"8":{"start":{"line":28,"column":6},"end":{"line":28,"column":12}},"9":{"start":{"line":45,"column":6},"end":{"line":45,"column":26}},"10":{"start":{"line":46,"column":6},"end":{"line":46,"column":12}},"11":{"start":{"line":48,"column":6},"end":{"line":48,"column":29}},"12":{"start":{"line":49,"column":6},"end":{"line":49,"column":12}},"13":{"start":{"line":51,"column":6},"end":{"line":51,"column":27}},"14":{"start":{"line":52,"column":6},"end":{"line":52,"column":12}},"15":{"start":{"line":57,"column":2},"end":{"line":84,"column":4}},"16":{"start":{"line":73,"column":6},"end":{"line":82,"column":7}},"17":{"start":{"line":74,"column":8},"end":{"line":79,"column":9}},"18":{"start":{"line":75,"column":29},"end":{"line":75,"column":45}},"19":{"start":{"line":76,"column":10},"end":{"line":76,"column":33}},"20":{"start":{"line":78,"column":10},"end":{"line":78,"column":52}},"21":{"start":{"line":81,"column":8},"end":{"line":81,"column":39}},"22":{"start":{"line":89,"column":13},"end":{"line":89,"column":27}},"23":{"start":{"line":90,"column":11},"end":{"line":90,"column":28}},"24":{"start":{"line":91,"column":2},"end":{"line":91,"column":20}},"25":{"start":{"line":92,"column":2},"end":{"line":92,"column":18}},"26":{"start":{"line":93,"column":19},"end":{"line":93,"column":27}},"27":{"start":{"line":94,"column":2},"end":{"line":149,"column":3}},"28":{"start":{"line":95,"column":4},"end":{"line":143,"column":7}},"29":{"start":{"line":96,"column":16},"end":{"line":96,"column":70}},"30":{"start":{"line":97,"column":6},"end":{"line":142,"column":9}},"31":{"start":{"line":98,"column":8},"end":{"line":98,"column":47}},"32":{"start":{"line":98,"column":17},"end":{"line":98,"column":47}},"33":{"start":{"line":99,"column":21},"end":{"line":102,"column":27}},"34":{"start":{"line":103,"column":8},"end":{"line":140,"column":9}},"35":{"start":{"line":104,"column":27},"end":{"line":122,"column":12}},"36":{"start":{"line":106,"column":12},"end":{"line":121,"column":14}},"37":{"start":{"line":118,"column":16},"end":{"line":118,"column":37}},"38":{"start":{"line":118,"column":25},"end":{"line":118,"column":37}},"39":{"start":{"line":119,"column":16},"end":{"line":119,"column":31}},"40":{"start":{"line":123,"column":10},"end":{"line":134,"column":13}},"41":{"start":{"line":124,"column":12},"end":{"line":124,"column":29}},"42":{"start":{"line":125,"column":12},"end":{"line":133,"column":15}},"43":{"start":{"line":136,"column":10},"end":{"line":139,"column":13}},"44":{"start":{"line":141,"column":8},"end":{"line":141,"column":29}},"45":{"start":{"line":145,"column":4},"end":{"line":148,"column":7}},"46":{"start":{"line":152,"column":0},"end":{"line":152,"column":24}}},"fnMap":{"0":{"name":"(anonymous_0)","decl":{"start":{"line":17,"column":26},"end":{"line":17,"column":27}},"loc":{"start":{"line":17,"column":46},"end":{"line":54,"column":1}},"line":17},"1":{"name":"googleAuth","decl":{"start":{"line":56,"column":9},"end":{"line":56,"column":19}},"loc":{"start":{"line":56,"column":30},"end":{"line":85,"column":1}},"line":56},"2":{"name":"(anonymous_2)","decl":{"start":{"line":72,"column":4},"end":{"line":72,"column":5}},"loc":{"start":{"line":72,"column":35},"end":{"line":83,"column":5}},"line":72},"3":{"name":"loginAuth","decl":{"start":{"line":87,"column":9},"end":{"line":87,"column":18}},"loc":{"start":{"line":87,"column":29},"end":{"line":150,"column":1}},"line":87},"4":{"name":"(anonymous_4)","decl":{"start":{"line":95,"column":9},"end":{"line":95,"column":10}},"loc":{"start":{"line":95,"column":36},"end":{"line":143,"column":5}},"line":95},"5":{"name":"(anonymous_5)","decl":{"start":{"line":97,"column":28},"end":{"line":97,"column":29}},"loc":{"start":{"line":97,"column":60},"end":{"line":142,"column":7}},"line":97},"6":{"name":"(anonymous_6)","decl":{"start":{"line":104,"column":39},"end":{"line":104,"column":40}},"loc":{"start":{"line":104,"column":60},"end":{"line":122,"column":11}},"line":104},"7":{"name":"(anonymous_7)","decl":{"start":{"line":117,"column":14},"end":{"line":117,"column":15}},"loc":{"start":{"line":117,"column":30},"end":{"line":120,"column":15}},"line":117},"8":{"name":"(anonymous_8)","decl":{"start":{"line":123,"column":24},"end":{"line":123,"column":25}},"loc":{"start":{"line":123,"column":35},"end":{"line":134,"column":11}},"line":123}},"branchMap":{"0":{"loc":{"start":{"line":19,"column":2},"end":{"line":53,"column":3}},"type":"switch","locations":[{"start":{"line":26,"column":4},"end":{"line":28,"column":12}},{"start":{"line":44,"column":4},"end":{"line":46,"column":12}},{"start":{"line":47,"column":4},"end":{"line":49,"column":12}},{"start":{"line":50,"column":4},"end":{"line":52,"column":12}}],"line":19},"1":{"loc":{"start":{"line":74,"column":8},"end":{"line":79,"column":9}},"type":"if","locations":[{"start":{"line":74,"column":8},"end":{"line":79,"column":9}},{"start":{"line":74,"column":8},"end":{"line":79,"column":9}}],"line":74},"2":{"loc":{"start":{"line":74,"column":12},"end":{"line":74,"column":47}},"type":"binary-expr","locations":[{"start":{"line":74,"column":12},"end":{"line":74,"column":16}},{"start":{"line":74,"column":20},"end":{"line":74,"column":47}}],"line":74},"3":{"loc":{"start":{"line":81,"column":29},"end":{"line":81,"column":37}},"type":"binary-expr","locations":[{"start":{"line":81,"column":29},"end":{"line":81,"column":32}},{"start":{"line":81,"column":36},"end":{"line":81,"column":37}}],"line":81},"4":{"loc":{"start":{"line":94,"column":2},"end":{"line":149,"column":3}},"type":"if","locations":[{"start":{"line":94,"column":2},"end":{"line":149,"column":3}},{"start":{"line":94,"column":2},"end":{"line":149,"column":3}}],"line":94},"5":{"loc":{"start":{"line":98,"column":8},"end":{"line":98,"column":47}},"type":"if","locations":[{"start":{"line":98,"column":8},"end":{"line":98,"column":47}},{"start":{"line":98,"column":8},"end":{"line":98,"column":47}}],"line":98},"6":{"loc":{"start":{"line":103,"column":8},"end":{"line":140,"column":9}},"type":"if","locations":[{"start":{"line":103,"column":8},"end":{"line":140,"column":9}},{"start":{"line":103,"column":8},"end":{"line":140,"column":9}}],"line":103},"7":{"loc":{"start":{"line":118,"column":16},"end":{"line":118,"column":37}},"type":"if","locations":[{"start":{"line":118,"column":16},"end":{"line":118,"column":37}},{"start":{"line":118,"column":16},"end":{"line":118,"column":37}}],"line":118}},"s":{"0":2,"1":2,"2":2,"3":2,"4":2,"5":0,"6":0,"7":0,"8":0,"9":0,"10":0,"11":0,"12":0,"13":0,"14":0,"15":0,"16":0,"17":0,"18":0,"19":0,"20":0,"21":0,"22":0,"23":0,"24":0,"25":0,"26":0,"27":0,"28":0,"29":0,"30":0,"31":0,"32":0,"33":0,"34":0,"35":0,"36":0,"37":0,"38":0,"39":0,"40":0,"41":0,"42":0,"43":0,"44":0,"45":0,"46":2},"f":{"0":0,"1":0,"2":0,"3":0,"4":0,"5":0,"6":0,"7":0,"8":0},"b":{"0":[0,0,0,0],"1":[0,0],"2":[0,0],"3":[0,0],"4":[0,0],"5":[0,0],"6":[0,0],"7":[0,0]},"_coverageSchema":"1a1c01bbd47fc00a2c39e90264f33305004495a9","hash":"ef568b013b6138e8f13a8c4957b1cf3141d1e661"}
,"C:\\Users\\User\\git\\moment_vue\\moment_vue\\backend\\src\\routes\\v1\\index.js": {"path":"C:\\Users\\User\\git\\moment_vue\\moment_vue\\backend\\src\\routes\\v1\\index.js","statementMap":{"0":{"start":{"line":2,"column":13},"end":{"line":2,"column":28}},"1":{"start":{"line":3,"column":11},"end":{"line":3,"column":24}},"2":{"start":{"line":4,"column":16},"end":{"line":4,"column":34}},"3":{"start":{"line":5,"column":15},"end":{"line":5,"column":31}},"4":{"start":{"line":8,"column":16},"end":{"line":8,"column":41}},"5":{"start":{"line":11,"column":0},"end":{"line":13,"column":93}},"6":{"start":{"line":12,"column":18},"end":{"line":12,"column":101}},"7":{"start":{"line":13,"column":24},"end":{"line":13,"column":92}},"8":{"start":{"line":22,"column":0},"end":{"line":22,"column":23}}},"fnMap":{"0":{"name":"(anonymous_0)","decl":{"start":{"line":12,"column":10},"end":{"line":12,"column":11}},"loc":{"start":{"line":12,"column":18},"end":{"line":12,"column":101}},"line":12},"1":{"name":"(anonymous_1)","decl":{"start":{"line":13,"column":11},"end":{"line":13,"column":12}},"loc":{"start":{"line":13,"column":24},"end":{"line":13,"column":92}},"line":13}},"branchMap":{"0":{"loc":{"start":{"line":12,"column":18},"end":{"line":12,"column":101}},"type":"binary-expr","locations":[{"start":{"line":12,"column":19},"end":{"line":12,"column":42}},{"start":{"line":12,"column":48},"end":{"line":12,"column":64}},{"start":{"line":12,"column":70},"end":{"line":12,"column":100}}],"line":12}},"s":{"0":2,"1":2,"2":2,"3":2,"4":2,"5":2,"6":12,"7":10,"8":2},"f":{"0":12,"1":10},"b":{"0":[12,12,10]},"_coverageSchema":"1a1c01bbd47fc00a2c39e90264f33305004495a9","hash":"c00dd6a265b5b9f2f64aed42ea2efb4882745354"}
,"C:\\Users\\User\\git\\moment_vue\\moment_vue\\backend\\src\\routes\\v1\\localauth.route.js": {"path":"C:\\Users\\User\\git\\moment_vue\\moment_vue\\backend\\src\\routes\\v1\\localauth.route.js","statementMap":{"0":{"start":{"line":1,"column":14},"end":{"line":1,"column":32}},"1":{"start":{"line":2,"column":13},"end":{"line":2,"column":29}},"2":{"start":{"line":4,"column":12},"end":{"line":4,"column":35}},"3":{"start":{"line":5,"column":15},"end":{"line":5,"column":32}},"4":{"start":{"line":6,"column":15},"end":{"line":6,"column":57}},"5":{"start":{"line":7,"column":15},"end":{"line":7,"column":28}},"6":{"start":{"line":10,"column":0},"end":{"line":70,"column":3}},"7":{"start":{"line":11,"column":13},"end":{"line":11,"column":27}},"8":{"start":{"line":12,"column":11},"end":{"line":12,"column":28}},"9":{"start":{"line":14,"column":19},"end":{"line":14,"column":27}},"10":{"start":{"line":15,"column":2},"end":{"line":69,"column":3}},"11":{"start":{"line":16,"column":4},"end":{"line":63,"column":7}},"12":{"start":{"line":17,"column":16},"end":{"line":17,"column":70}},"13":{"start":{"line":18,"column":6},"end":{"line":62,"column":9}},"14":{"start":{"line":19,"column":8},"end":{"line":19,"column":47}},"15":{"start":{"line":19,"column":17},"end":{"line":19,"column":47}},"16":{"start":{"line":20,"column":21},"end":{"line":23,"column":27}},"17":{"start":{"line":25,"column":8},"end":{"line":60,"column":9}},"18":{"start":{"line":26,"column":27},"end":{"line":44,"column":12}},"19":{"start":{"line":28,"column":12},"end":{"line":43,"column":14}},"20":{"start":{"line":40,"column":16},"end":{"line":40,"column":37}},"21":{"start":{"line":40,"column":25},"end":{"line":40,"column":37}},"22":{"start":{"line":41,"column":16},"end":{"line":41,"column":31}},"23":{"start":{"line":45,"column":10},"end":{"line":54,"column":13}},"24":{"start":{"line":46,"column":12},"end":{"line":53,"column":15}},"25":{"start":{"line":56,"column":10},"end":{"line":59,"column":13}},"26":{"start":{"line":61,"column":8},"end":{"line":61,"column":29}},"27":{"start":{"line":65,"column":4},"end":{"line":68,"column":7}},"28":{"start":{"line":73,"column":0},"end":{"line":100,"column":3}},"29":{"start":{"line":74,"column":2},"end":{"line":74,"column":21}},"30":{"start":{"line":76,"column":2},"end":{"line":76,"column":41}},"31":{"start":{"line":77,"column":16},"end":{"line":77,"column":60}},"32":{"start":{"line":80,"column":2},"end":{"line":85,"column":3}},"33":{"start":{"line":81,"column":4},"end":{"line":84,"column":7}},"34":{"start":{"line":86,"column":21},"end":{"line":91,"column":4}},"35":{"start":{"line":87,"column":4},"end":{"line":90,"column":7}},"36":{"start":{"line":88,"column":6},"end":{"line":88,"column":27}},"37":{"start":{"line":88,"column":15},"end":{"line":88,"column":27}},"38":{"start":{"line":89,"column":6},"end":{"line":89,"column":23}},"39":{"start":{"line":92,"column":2},"end":{"line":99,"column":5}},"40":{"start":{"line":93,"column":4},"end":{"line":93,"column":23}},"41":{"start":{"line":94,"column":4},"end":{"line":98,"column":7}},"42":{"start":{"line":102,"column":0},"end":{"line":127,"column":3}},"43":{"start":{"line":103,"column":13},"end":{"line":103,"column":30}},"44":{"start":{"line":104,"column":16},"end":{"line":104,"column":36}},"45":{"start":{"line":105,"column":13},"end":{"line":105,"column":30}},"46":{"start":{"line":106,"column":15},"end":{"line":106,"column":34}},"47":{"start":{"line":107,"column":16},"end":{"line":107,"column":36}},"48":{"start":{"line":108,"column":16},"end":{"line":108,"column":36}},"49":{"start":{"line":109,"column":14},"end":{"line":109,"column":16}},"50":{"start":{"line":129,"column":0},"end":{"line":147,"column":3}},"51":{"start":{"line":130,"column":16},"end":{"line":130,"column":36}},"52":{"start":{"line":131,"column":2},"end":{"line":131,"column":25}},"53":{"start":{"line":132,"column":2},"end":{"line":132,"column":23}},"54":{"start":{"line":133,"column":2},"end":{"line":146,"column":5}},"55":{"start":{"line":134,"column":14},"end":{"line":138,"column":20}},"56":{"start":{"line":139,"column":4},"end":{"line":145,"column":7}},"57":{"start":{"line":141,"column":6},"end":{"line":141,"column":45}},"58":{"start":{"line":141,"column":15},"end":{"line":141,"column":45}},"59":{"start":{"line":143,"column":6},"end":{"line":143,"column":21}},"60":{"start":{"line":144,"column":6},"end":{"line":144,"column":27}},"61":{"start":{"line":149,"column":0},"end":{"line":177,"column":3}},"62":{"start":{"line":150,"column":2},"end":{"line":152,"column":3}},"63":{"start":{"line":151,"column":4},"end":{"line":151,"column":27}},"64":{"start":{"line":153,"column":15},"end":{"line":156,"column":21}},"65":{"start":{"line":158,"column":16},"end":{"line":158,"column":32}},"66":{"start":{"line":159,"column":13},"end":{"line":159,"column":17}},"67":{"start":{"line":160,"column":15},"end":{"line":160,"column":30}},"68":{"start":{"line":161,"column":16},"end":{"line":161,"column":31}},"69":{"start":{"line":162,"column":16},"end":{"line":162,"column":32}},"70":{"start":{"line":179,"column":0},"end":{"line":192,"column":3}},"71":{"start":{"line":180,"column":13},"end":{"line":180,"column":29}},"72":{"start":{"line":193,"column":0},"end":{"line":205,"column":3}},"73":{"start":{"line":207,"column":0},"end":{"line":207,"column":24}}},"fnMap":{"0":{"name":"(anonymous_0)","decl":{"start":{"line":10,"column":28},"end":{"line":10,"column":29}},"loc":{"start":{"line":10,"column":54},"end":{"line":70,"column":1}},"line":10},"1":{"name":"(anonymous_1)","decl":{"start":{"line":16,"column":9},"end":{"line":16,"column":10}},"loc":{"start":{"line":16,"column":36},"end":{"line":63,"column":5}},"line":16},"2":{"name":"(anonymous_2)","decl":{"start":{"line":18,"column":28},"end":{"line":18,"column":29}},"loc":{"start":{"line":18,"column":60},"end":{"line":62,"column":7}},"line":18},"3":{"name":"(anonymous_3)","decl":{"start":{"line":26,"column":39},"end":{"line":26,"column":40}},"loc":{"start":{"line":26,"column":60},"end":{"line":44,"column":11}},"line":26},"4":{"name":"(anonymous_4)","decl":{"start":{"line":39,"column":14},"end":{"line":39,"column":15}},"loc":{"start":{"line":39,"column":30},"end":{"line":42,"column":15}},"line":39},"5":{"name":"(anonymous_5)","decl":{"start":{"line":45,"column":24},"end":{"line":45,"column":25}},"loc":{"start":{"line":45,"column":35},"end":{"line":54,"column":11}},"line":45},"6":{"name":"(anonymous_6)","decl":{"start":{"line":73,"column":26},"end":{"line":73,"column":27}},"loc":{"start":{"line":73,"column":40},"end":{"line":100,"column":1}},"line":73},"7":{"name":"(anonymous_7)","decl":{"start":{"line":86,"column":33},"end":{"line":86,"column":34}},"loc":{"start":{"line":86,"column":54},"end":{"line":91,"column":3}},"line":86},"8":{"name":"(anonymous_8)","decl":{"start":{"line":87,"column":22},"end":{"line":87,"column":23}},"loc":{"start":{"line":87,"column":46},"end":{"line":90,"column":5}},"line":87},"9":{"name":"(anonymous_9)","decl":{"start":{"line":92,"column":18},"end":{"line":92,"column":19}},"loc":{"start":{"line":92,"column":29},"end":{"line":99,"column":3}},"line":92},"10":{"name":"(anonymous_10)","decl":{"start":{"line":102,"column":29},"end":{"line":102,"column":30}},"loc":{"start":{"line":102,"column":55},"end":{"line":127,"column":1}},"line":102},"11":{"name":"(anonymous_11)","decl":{"start":{"line":129,"column":30},"end":{"line":129,"column":31}},"loc":{"start":{"line":129,"column":56},"end":{"line":147,"column":1}},"line":129},"12":{"name":"(anonymous_12)","decl":{"start":{"line":133,"column":21},"end":{"line":133,"column":22}},"loc":{"start":{"line":133,"column":48},"end":{"line":146,"column":3}},"line":133},"13":{"name":"(anonymous_13)","decl":{"start":{"line":139,"column":37},"end":{"line":139,"column":38}},"loc":{"start":{"line":139,"column":58},"end":{"line":145,"column":5}},"line":139},"14":{"name":"(anonymous_14)","decl":{"start":{"line":149,"column":29},"end":{"line":149,"column":30}},"loc":{"start":{"line":149,"column":55},"end":{"line":177,"column":1}},"line":149},"15":{"name":"(anonymous_15)","decl":{"start":{"line":179,"column":29},"end":{"line":179,"column":30}},"loc":{"start":{"line":179,"column":55},"end":{"line":192,"column":1}},"line":179},"16":{"name":"(anonymous_16)","decl":{"start":{"line":193,"column":28},"end":{"line":193,"column":29}},"loc":{"start":{"line":193,"column":54},"end":{"line":205,"column":1}},"line":193}},"branchMap":{"0":{"loc":{"start":{"line":15,"column":2},"end":{"line":69,"column":3}},"type":"if","locations":[{"start":{"line":15,"column":2},"end":{"line":69,"column":3}},{"start":{"line":15,"column":2},"end":{"line":69,"column":3}}],"line":15},"1":{"loc":{"start":{"line":19,"column":8},"end":{"line":19,"column":47}},"type":"if","locations":[{"start":{"line":19,"column":8},"end":{"line":19,"column":47}},{"start":{"line":19,"column":8},"end":{"line":19,"column":47}}],"line":19},"2":{"loc":{"start":{"line":25,"column":8},"end":{"line":60,"column":9}},"type":"if","locations":[{"start":{"line":25,"column":8},"end":{"line":60,"column":9}},{"start":{"line":25,"column":8},"end":{"line":60,"column":9}}],"line":25},"3":{"loc":{"start":{"line":40,"column":16},"end":{"line":40,"column":37}},"type":"if","locations":[{"start":{"line":40,"column":16},"end":{"line":40,"column":37}},{"start":{"line":40,"column":16},"end":{"line":40,"column":37}}],"line":40},"4":{"loc":{"start":{"line":77,"column":16},"end":{"line":77,"column":60}},"type":"binary-expr","locations":[{"start":{"line":77,"column":16},"end":{"line":77,"column":41}},{"start":{"line":77,"column":45},"end":{"line":77,"column":60}}],"line":77},"5":{"loc":{"start":{"line":80,"column":2},"end":{"line":85,"column":3}},"type":"if","locations":[{"start":{"line":80,"column":2},"end":{"line":85,"column":3}},{"start":{"line":80,"column":2},"end":{"line":85,"column":3}}],"line":80},"6":{"loc":{"start":{"line":88,"column":6},"end":{"line":88,"column":27}},"type":"if","locations":[{"start":{"line":88,"column":6},"end":{"line":88,"column":27}},{"start":{"line":88,"column":6},"end":{"line":88,"column":27}}],"line":88},"7":{"loc":{"start":{"line":141,"column":6},"end":{"line":141,"column":45}},"type":"if","locations":[{"start":{"line":141,"column":6},"end":{"line":141,"column":45}},{"start":{"line":141,"column":6},"end":{"line":141,"column":45}}],"line":141},"8":{"loc":{"start":{"line":150,"column":2},"end":{"line":152,"column":3}},"type":"if","locations":[{"start":{"line":150,"column":2},"end":{"line":152,"column":3}},{"start":{"line":150,"column":2},"end":{"line":152,"column":3}}],"line":150}},"s":{"0":2,"1":2,"2":2,"3":2,"4":2,"5":2,"6":2,"7":0,"8":0,"9":0,"10":0,"11":0,"12":0,"13":0,"14":0,"15":0,"16":0,"17":0,"18":0,"19":0,"20":0,"21":0,"22":0,"23":0,"24":0,"25":0,"26":0,"27":0,"28":2,"29":0,"30":0,"31":0,"32":0,"33":0,"34":0,"35":0,"36":0,"37":0,"38":0,"39":0,"40":0,"41":0,"42":2,"43":0,"44":0,"45":0,"46":0,"47":0,"48":0,"49":0,"50":2,"51":0,"52":0,"53":0,"54":0,"55":0,"56":0,"57":0,"58":0,"59":0,"60":0,"61":2,"62":0,"63":0,"64":0,"65":0,"66":0,"67":0,"68":0,"69":0,"70":2,"71":0,"72":2,"73":2},"f":{"0":0,"1":0,"2":0,"3":0,"4":0,"5":0,"6":0,"7":0,"8":0,"9":0,"10":0,"11":0,"12":0,"13":0,"14":0,"15":0,"16":0},"b":{"0":[0,0],"1":[0,0],"2":[0,0],"3":[0,0],"4":[0,0],"5":[0,0],"6":[0,0],"7":[0,0],"8":[0,0]},"_coverageSchema":"1a1c01bbd47fc00a2c39e90264f33305004495a9","hash":"11f19e5d8b54874772fc6e7225b54d7b5ba498fc"}
,"C:\\Users\\User\\git\\moment_vue\\moment_vue\\backend\\src\\routes\\v1\\moment.route.js": {"path":"C:\\Users\\User\\git\\moment_vue\\moment_vue\\backend\\src\\routes\\v1\\moment.route.js","statementMap":{"0":{"start":{"line":1,"column":16},"end":{"line":1,"column":34}},"1":{"start":{"line":2,"column":15},"end":{"line":2,"column":32}},"2":{"start":{"line":3,"column":13},"end":{"line":3,"column":28}},"3":{"start":{"line":6,"column":15},"end":{"line":6,"column":31}},"4":{"start":{"line":8,"column":9},"end":{"line":8,"column":22}},"5":{"start":{"line":11,"column":13},"end":{"line":20,"column":2}},"6":{"start":{"line":14,"column":6},"end":{"line":14,"column":34}},"7":{"start":{"line":17,"column":6},"end":{"line":17,"column":71}},"8":{"start":{"line":33,"column":0},"end":{"line":33,"column":27}},"9":{"start":{"line":34,"column":0},"end":{"line":34,"column":45}},"10":{"start":{"line":36,"column":0},"end":{"line":41,"column":3}},"11":{"start":{"line":37,"column":13},"end":{"line":37,"column":29}},"12":{"start":{"line":38,"column":2},"end":{"line":38,"column":26}},"13":{"start":{"line":39,"column":2},"end":{"line":39,"column":20}},"14":{"start":{"line":40,"column":2},"end":{"line":40,"column":53}},"15":{"start":{"line":43,"column":0},"end":{"line":59,"column":3}},"16":{"start":{"line":44,"column":2},"end":{"line":58,"column":5}},"17":{"start":{"line":45,"column":14},"end":{"line":50,"column":32}},"18":{"start":{"line":52,"column":4},"end":{"line":57,"column":7}},"19":{"start":{"line":54,"column":6},"end":{"line":54,"column":45}},"20":{"start":{"line":54,"column":15},"end":{"line":54,"column":45}},"21":{"start":{"line":55,"column":6},"end":{"line":55,"column":21}},"22":{"start":{"line":56,"column":6},"end":{"line":56,"column":27}},"23":{"start":{"line":61,"column":0},"end":{"line":85,"column":3}},"24":{"start":{"line":62,"column":16},"end":{"line":62,"column":36}},"25":{"start":{"line":63,"column":2},"end":{"line":84,"column":5}},"26":{"start":{"line":64,"column":14},"end":{"line":76,"column":36}},"27":{"start":{"line":77,"column":4},"end":{"line":83,"column":7}},"28":{"start":{"line":78,"column":6},"end":{"line":78,"column":23}},"29":{"start":{"line":79,"column":6},"end":{"line":79,"column":45}},"30":{"start":{"line":79,"column":15},"end":{"line":79,"column":45}},"31":{"start":{"line":81,"column":6},"end":{"line":81,"column":21}},"32":{"start":{"line":82,"column":6},"end":{"line":82,"column":27}},"33":{"start":{"line":87,"column":0},"end":{"line":105,"column":3}},"34":{"start":{"line":88,"column":16},"end":{"line":88,"column":36}},"35":{"start":{"line":89,"column":2},"end":{"line":104,"column":5}},"36":{"start":{"line":90,"column":14},"end":{"line":95,"column":31}},"37":{"start":{"line":96,"column":4},"end":{"line":103,"column":7}},"38":{"start":{"line":97,"column":6},"end":{"line":97,"column":24}},"39":{"start":{"line":99,"column":6},"end":{"line":99,"column":45}},"40":{"start":{"line":99,"column":15},"end":{"line":99,"column":45}},"41":{"start":{"line":101,"column":6},"end":{"line":101,"column":21}},"42":{"start":{"line":102,"column":6},"end":{"line":102,"column":27}},"43":{"start":{"line":107,"column":0},"end":{"line":110,"column":3}},"44":{"start":{"line":108,"column":2},"end":{"line":108,"column":26}},"45":{"start":{"line":109,"column":2},"end":{"line":109,"column":24}},"46":{"start":{"line":112,"column":0},"end":{"line":152,"column":3}},"47":{"start":{"line":113,"column":13},"end":{"line":113,"column":30}},"48":{"start":{"line":114,"column":15},"end":{"line":114,"column":44}},"49":{"start":{"line":115,"column":19},"end":{"line":115,"column":42}},"50":{"start":{"line":116,"column":16},"end":{"line":116,"column":36}},"51":{"start":{"line":117,"column":18},"end":{"line":117,"column":40}},"52":{"start":{"line":118,"column":15},"end":{"line":118,"column":44}},"53":{"start":{"line":119,"column":15},"end":{"line":119,"column":38}},"54":{"start":{"line":120,"column":18},"end":{"line":120,"column":56}},"55":{"start":{"line":121,"column":15},"end":{"line":121,"column":17}},"56":{"start":{"line":122,"column":2},"end":{"line":122,"column":39}},"57":{"start":{"line":124,"column":2},"end":{"line":151,"column":5}},"58":{"start":{"line":125,"column":14},"end":{"line":135,"column":32}},"59":{"start":{"line":137,"column":4},"end":{"line":150,"column":6}},"60":{"start":{"line":142,"column":8},"end":{"line":147,"column":9}},"61":{"start":{"line":143,"column":10},"end":{"line":143,"column":40}},"62":{"start":{"line":144,"column":10},"end":{"line":144,"column":33}},"63":{"start":{"line":146,"column":10},"end":{"line":146,"column":25}},"64":{"start":{"line":148,"column":8},"end":{"line":148,"column":29}},"65":{"start":{"line":154,"column":0},"end":{"line":173,"column":3}},"66":{"start":{"line":155,"column":14},"end":{"line":155,"column":31}},"67":{"start":{"line":156,"column":2},"end":{"line":156,"column":21}},"68":{"start":{"line":157,"column":2},"end":{"line":172,"column":5}},"69":{"start":{"line":158,"column":14},"end":{"line":164,"column":33}},"70":{"start":{"line":165,"column":4},"end":{"line":171,"column":7}},"71":{"start":{"line":167,"column":6},"end":{"line":167,"column":45}},"72":{"start":{"line":167,"column":15},"end":{"line":167,"column":45}},"73":{"start":{"line":169,"column":6},"end":{"line":169,"column":21}},"74":{"start":{"line":170,"column":6},"end":{"line":170,"column":27}},"75":{"start":{"line":175,"column":0},"end":{"line":207,"column":3}},"76":{"start":{"line":176,"column":15},"end":{"line":176,"column":32}},"77":{"start":{"line":177,"column":17},"end":{"line":177,"column":36}},"78":{"start":{"line":178,"column":14},"end":{"line":178,"column":30}},"79":{"start":{"line":179,"column":20},"end":{"line":179,"column":37}},"80":{"start":{"line":180,"column":20},"end":{"line":180,"column":58}},"81":{"start":{"line":181,"column":13},"end":{"line":181,"column":15}},"82":{"start":{"line":182,"column":2},"end":{"line":195,"column":3}},"83":{"start":{"line":183,"column":4},"end":{"line":189,"column":22}},"84":{"start":{"line":190,"column":9},"end":{"line":195,"column":3}},"85":{"start":{"line":191,"column":4},"end":{"line":194,"column":7}},"86":{"start":{"line":196,"column":2},"end":{"line":206,"column":5}},"87":{"start":{"line":197,"column":14},"end":{"line":199,"column":26}},"88":{"start":{"line":200,"column":4},"end":{"line":205,"column":7}},"89":{"start":{"line":201,"column":6},"end":{"line":201,"column":23}},"90":{"start":{"line":202,"column":6},"end":{"line":202,"column":24}},"91":{"start":{"line":203,"column":6},"end":{"line":203,"column":45}},"92":{"start":{"line":203,"column":15},"end":{"line":203,"column":45}},"93":{"start":{"line":204,"column":6},"end":{"line":204,"column":27}},"94":{"start":{"line":209,"column":0},"end":{"line":229,"column":3}},"95":{"start":{"line":210,"column":13},"end":{"line":210,"column":30}},"96":{"start":{"line":211,"column":2},"end":{"line":211,"column":23}},"97":{"start":{"line":212,"column":2},"end":{"line":228,"column":5}},"98":{"start":{"line":213,"column":14},"end":{"line":219,"column":55}},"99":{"start":{"line":221,"column":4},"end":{"line":227,"column":7}},"100":{"start":{"line":222,"column":6},"end":{"line":222,"column":24}},"101":{"start":{"line":223,"column":6},"end":{"line":223,"column":45}},"102":{"start":{"line":223,"column":15},"end":{"line":223,"column":45}},"103":{"start":{"line":225,"column":6},"end":{"line":225,"column":21}},"104":{"start":{"line":226,"column":6},"end":{"line":226,"column":27}},"105":{"start":{"line":231,"column":0},"end":{"line":231,"column":24}}},"fnMap":{"0":{"name":"(anonymous_0)","decl":{"start":{"line":13,"column":17},"end":{"line":13,"column":18}},"loc":{"start":{"line":13,"column":42},"end":{"line":15,"column":5}},"line":13},"1":{"name":"(anonymous_1)","decl":{"start":{"line":16,"column":14},"end":{"line":16,"column":15}},"loc":{"start":{"line":16,"column":39},"end":{"line":18,"column":5}},"line":16},"2":{"name":"(anonymous_2)","decl":{"start":{"line":36,"column":27},"end":{"line":36,"column":28}},"loc":{"start":{"line":36,"column":53},"end":{"line":41,"column":1}},"line":36},"3":{"name":"(anonymous_3)","decl":{"start":{"line":43,"column":26},"end":{"line":43,"column":27}},"loc":{"start":{"line":43,"column":52},"end":{"line":59,"column":1}},"line":43},"4":{"name":"(anonymous_4)","decl":{"start":{"line":44,"column":21},"end":{"line":44,"column":22}},"loc":{"start":{"line":44,"column":48},"end":{"line":58,"column":3}},"line":44},"5":{"name":"(anonymous_5)","decl":{"start":{"line":52,"column":26},"end":{"line":52,"column":27}},"loc":{"start":{"line":52,"column":47},"end":{"line":57,"column":5}},"line":52},"6":{"name":"(anonymous_6)","decl":{"start":{"line":61,"column":31},"end":{"line":61,"column":32}},"loc":{"start":{"line":61,"column":57},"end":{"line":85,"column":1}},"line":61},"7":{"name":"(anonymous_7)","decl":{"start":{"line":63,"column":21},"end":{"line":63,"column":22}},"loc":{"start":{"line":63,"column":48},"end":{"line":84,"column":3}},"line":63},"8":{"name":"(anonymous_8)","decl":{"start":{"line":77,"column":37},"end":{"line":77,"column":38}},"loc":{"start":{"line":77,"column":58},"end":{"line":83,"column":5}},"line":77},"9":{"name":"(anonymous_9)","decl":{"start":{"line":87,"column":34},"end":{"line":87,"column":35}},"loc":{"start":{"line":87,"column":60},"end":{"line":105,"column":1}},"line":87},"10":{"name":"(anonymous_10)","decl":{"start":{"line":89,"column":21},"end":{"line":89,"column":22}},"loc":{"start":{"line":89,"column":48},"end":{"line":104,"column":3}},"line":89},"11":{"name":"(anonymous_11)","decl":{"start":{"line":96,"column":37},"end":{"line":96,"column":38}},"loc":{"start":{"line":96,"column":58},"end":{"line":103,"column":5}},"line":96},"12":{"name":"(anonymous_12)","decl":{"start":{"line":107,"column":46},"end":{"line":107,"column":47}},"loc":{"start":{"line":107,"column":66},"end":{"line":110,"column":1}},"line":107},"13":{"name":"(anonymous_13)","decl":{"start":{"line":112,"column":49},"end":{"line":112,"column":50}},"loc":{"start":{"line":112,"column":75},"end":{"line":152,"column":1}},"line":112},"14":{"name":"(anonymous_14)","decl":{"start":{"line":124,"column":21},"end":{"line":124,"column":22}},"loc":{"start":{"line":124,"column":48},"end":{"line":151,"column":3}},"line":124},"15":{"name":"(anonymous_15)","decl":{"start":{"line":140,"column":6},"end":{"line":140,"column":7}},"loc":{"start":{"line":140,"column":27},"end":{"line":149,"column":7}},"line":140},"16":{"name":"(anonymous_16)","decl":{"start":{"line":154,"column":33},"end":{"line":154,"column":34}},"loc":{"start":{"line":154,"column":59},"end":{"line":173,"column":1}},"line":154},"17":{"name":"(anonymous_17)","decl":{"start":{"line":157,"column":21},"end":{"line":157,"column":22}},"loc":{"start":{"line":157,"column":48},"end":{"line":172,"column":3}},"line":157},"18":{"name":"(anonymous_18)","decl":{"start":{"line":165,"column":35},"end":{"line":165,"column":36}},"loc":{"start":{"line":165,"column":56},"end":{"line":171,"column":5}},"line":165},"19":{"name":"(anonymous_19)","decl":{"start":{"line":175,"column":21},"end":{"line":175,"column":22}},"loc":{"start":{"line":175,"column":47},"end":{"line":207,"column":1}},"line":175},"20":{"name":"(anonymous_20)","decl":{"start":{"line":196,"column":21},"end":{"line":196,"column":22}},"loc":{"start":{"line":196,"column":54},"end":{"line":206,"column":3}},"line":196},"21":{"name":"(anonymous_21)","decl":{"start":{"line":200,"column":33},"end":{"line":200,"column":34}},"loc":{"start":{"line":200,"column":54},"end":{"line":205,"column":5}},"line":200},"22":{"name":"(anonymous_22)","decl":{"start":{"line":209,"column":25},"end":{"line":209,"column":26}},"loc":{"start":{"line":209,"column":51},"end":{"line":229,"column":1}},"line":209},"23":{"name":"(anonymous_23)","decl":{"start":{"line":212,"column":21},"end":{"line":212,"column":22}},"loc":{"start":{"line":212,"column":48},"end":{"line":228,"column":3}},"line":212},"24":{"name":"(anonymous_24)","decl":{"start":{"line":221,"column":34},"end":{"line":221,"column":35}},"loc":{"start":{"line":221,"column":55},"end":{"line":227,"column":5}},"line":221}},"branchMap":{"0":{"loc":{"start":{"line":54,"column":6},"end":{"line":54,"column":45}},"type":"if","locations":[{"start":{"line":54,"column":6},"end":{"line":54,"column":45}},{"start":{"line":54,"column":6},"end":{"line":54,"column":45}}],"line":54},"1":{"loc":{"start":{"line":79,"column":6},"end":{"line":79,"column":45}},"type":"if","locations":[{"start":{"line":79,"column":6},"end":{"line":79,"column":45}},{"start":{"line":79,"column":6},"end":{"line":79,"column":45}}],"line":79},"2":{"loc":{"start":{"line":99,"column":6},"end":{"line":99,"column":45}},"type":"if","locations":[{"start":{"line":99,"column":6},"end":{"line":99,"column":45}},{"start":{"line":99,"column":6},"end":{"line":99,"column":45}}],"line":99},"3":{"loc":{"start":{"line":142,"column":8},"end":{"line":147,"column":9}},"type":"if","locations":[{"start":{"line":142,"column":8},"end":{"line":147,"column":9}},{"start":{"line":142,"column":8},"end":{"line":147,"column":9}}],"line":142},"4":{"loc":{"start":{"line":167,"column":6},"end":{"line":167,"column":45}},"type":"if","locations":[{"start":{"line":167,"column":6},"end":{"line":167,"column":45}},{"start":{"line":167,"column":6},"end":{"line":167,"column":45}}],"line":167},"5":{"loc":{"start":{"line":182,"column":2},"end":{"line":195,"column":3}},"type":"if","locations":[{"start":{"line":182,"column":2},"end":{"line":195,"column":3}},{"start":{"line":182,"column":2},"end":{"line":195,"column":3}}],"line":182},"6":{"loc":{"start":{"line":190,"column":9},"end":{"line":195,"column":3}},"type":"if","locations":[{"start":{"line":190,"column":9},"end":{"line":195,"column":3}},{"start":{"line":190,"column":9},"end":{"line":195,"column":3}}],"line":190},"7":{"loc":{"start":{"line":203,"column":6},"end":{"line":203,"column":45}},"type":"if","locations":[{"start":{"line":203,"column":6},"end":{"line":203,"column":45}},{"start":{"line":203,"column":6},"end":{"line":203,"column":45}}],"line":203},"8":{"loc":{"start":{"line":223,"column":6},"end":{"line":223,"column":45}},"type":"if","locations":[{"start":{"line":223,"column":6},"end":{"line":223,"column":45}},{"start":{"line":223,"column":6},"end":{"line":223,"column":45}}],"line":223}},"s":{"0":2,"1":2,"2":2,"3":2,"4":2,"5":2,"6":0,"7":0,"8":2,"9":2,"10":2,"11":0,"12":0,"13":0,"14":0,"15":2,"16":0,"17":0,"18":0,"19":0,"20":0,"21":0,"22":0,"23":2,"24":0,"25":0,"26":0,"27":0,"28":0,"29":0,"30":0,"31":0,"32":0,"33":2,"34":0,"35":0,"36":0,"37":0,"38":0,"39":0,"40":0,"41":0,"42":0,"43":2,"44":0,"45":0,"46":2,"47":0,"48":0,"49":0,"50":0,"51":0,"52":0,"53":0,"54":0,"55":0,"56":0,"57":0,"58":0,"59":0,"60":0,"61":0,"62":0,"63":0,"64":0,"65":2,"66":0,"67":0,"68":0,"69":0,"70":0,"71":0,"72":0,"73":0,"74":0,"75":2,"76":0,"77":0,"78":0,"79":0,"80":0,"81":0,"82":0,"83":0,"84":0,"85":0,"86":0,"87":0,"88":0,"89":0,"90":0,"91":0,"92":0,"93":0,"94":2,"95":0,"96":0,"97":0,"98":0,"99":0,"100":0,"101":0,"102":0,"103":0,"104":0,"105":2},"f":{"0":0,"1":0,"2":0,"3":0,"4":0,"5":0,"6":0,"7":0,"8":0,"9":0,"10":0,"11":0,"12":0,"13":0,"14":0,"15":0,"16":0,"17":0,"18":0,"19":0,"20":0,"21":0,"22":0,"23":0,"24":0},"b":{"0":[0,0],"1":[0,0],"2":[0,0],"3":[0,0],"4":[0,0],"5":[0,0],"6":[0,0],"7":[0,0],"8":[0,0]},"_coverageSchema":"1a1c01bbd47fc00a2c39e90264f33305004495a9","hash":"5b74a29ba1637b73fb6359a34a63a006d090321c"}
,"C:\\Users\\User\\git\\moment_vue\\moment_vue\\backend\\src\\routes\\v1\\pupp.route.js": {"path":"C:\\Users\\User\\git\\moment_vue\\moment_vue\\backend\\src\\routes\\v1\\pupp.route.js","statementMap":{"0":{"start":{"line":1,"column":14},"end":{"line":1,"column":32}},"1":{"start":{"line":2,"column":13},"end":{"line":2,"column":29}},"2":{"start":{"line":3,"column":13},"end":{"line":3,"column":30}},"3":{"start":{"line":5,"column":18},"end":{"line":5,"column":38}},"4":{"start":{"line":7,"column":0},"end":{"line":82,"column":3}},"5":{"start":{"line":8,"column":2},"end":{"line":8,"column":58}},"6":{"start":{"line":9,"column":2},"end":{"line":52,"column":9}},"7":{"start":{"line":12,"column":6},"end":{"line":51,"column":11}},"8":{"start":{"line":14,"column":10},"end":{"line":26,"column":18}},"9":{"start":{"line":15,"column":24},"end":{"line":26,"column":16}},"10":{"start":{"line":16,"column":31},"end":{"line":16,"column":86}},"11":{"start":{"line":17,"column":26},"end":{"line":17,"column":28}},"12":{"start":{"line":18,"column":26},"end":{"line":18,"column":28}},"13":{"start":{"line":19,"column":16},"end":{"line":23,"column":19}},"14":{"start":{"line":20,"column":30},"end":{"line":20,"column":61}},"15":{"start":{"line":21,"column":18},"end":{"line":21,"column":63}},"16":{"start":{"line":22,"column":18},"end":{"line":22,"column":57}},"17":{"start":{"line":24,"column":16},"end":{"line":24,"column":43}},"18":{"start":{"line":25,"column":16},"end":{"line":25,"column":33}},"19":{"start":{"line":28,"column":14},"end":{"line":28,"column":30}},"20":{"start":{"line":29,"column":10},"end":{"line":29,"column":28}},"21":{"start":{"line":30,"column":10},"end":{"line":32,"column":13}},"22":{"start":{"line":31,"column":12},"end":{"line":31,"column":65}},"23":{"start":{"line":33,"column":10},"end":{"line":33,"column":75}},"24":{"start":{"line":34,"column":10},"end":{"line":34,"column":39}},"25":{"start":{"line":35,"column":10},"end":{"line":35,"column":33}},"26":{"start":{"line":49,"column":10},"end":{"line":49,"column":30}},"27":{"start":{"line":55,"column":6},"end":{"line":55,"column":19}},"28":{"start":{"line":84,"column":0},"end":{"line":130,"column":3}},"29":{"start":{"line":85,"column":2},"end":{"line":85,"column":58}},"30":{"start":{"line":86,"column":2},"end":{"line":127,"column":7}},"31":{"start":{"line":87,"column":20},"end":{"line":87,"column":44}},"32":{"start":{"line":88,"column":17},"end":{"line":88,"column":40}},"33":{"start":{"line":90,"column":4},"end":{"line":90,"column":76}},"34":{"start":{"line":92,"column":4},"end":{"line":92,"column":28}},"35":{"start":{"line":93,"column":17},"end":{"line":103,"column":6}},"36":{"start":{"line":94,"column":16},"end":{"line":94,"column":18}},"37":{"start":{"line":95,"column":16},"end":{"line":95,"column":18}},"38":{"start":{"line":96,"column":21},"end":{"line":96,"column":76}},"39":{"start":{"line":97,"column":6},"end":{"line":101,"column":13}},"40":{"start":{"line":98,"column":24},"end":{"line":98,"column":55}},"41":{"start":{"line":99,"column":12},"end":{"line":99,"column":57}},"42":{"start":{"line":100,"column":12},"end":{"line":100,"column":51}},"43":{"start":{"line":102,"column":10},"end":{"line":102,"column":27}},"44":{"start":{"line":104,"column":4},"end":{"line":106,"column":7}},"45":{"start":{"line":105,"column":6},"end":{"line":105,"column":59}},"46":{"start":{"line":107,"column":4},"end":{"line":107,"column":68}},"47":{"start":{"line":109,"column":4},"end":{"line":109,"column":23}},"48":{"start":{"line":110,"column":4},"end":{"line":110,"column":21}},"49":{"start":{"line":124,"column":4},"end":{"line":124,"column":23}},"50":{"start":{"line":126,"column":4},"end":{"line":126,"column":26}},"51":{"start":{"line":132,"column":0},"end":{"line":132,"column":24}}},"fnMap":{"0":{"name":"(anonymous_0)","decl":{"start":{"line":7,"column":22},"end":{"line":7,"column":23}},"loc":{"start":{"line":7,"column":47},"end":{"line":82,"column":1}},"line":7},"1":{"name":"(anonymous_1)","decl":{"start":{"line":11,"column":12},"end":{"line":11,"column":13}},"loc":{"start":{"line":11,"column":23},"end":{"line":52,"column":7}},"line":11},"2":{"name":"(anonymous_2)","decl":{"start":{"line":13,"column":15},"end":{"line":13,"column":16}},"loc":{"start":{"line":13,"column":23},"end":{"line":27,"column":13}},"line":13},"3":{"name":"(anonymous_3)","decl":{"start":{"line":15,"column":18},"end":{"line":15,"column":19}},"loc":{"start":{"line":15,"column":24},"end":{"line":26,"column":16}},"line":15},"4":{"name":"(anonymous_4)","decl":{"start":{"line":15,"column":38},"end":{"line":15,"column":39}},"loc":{"start":{"line":15,"column":44},"end":{"line":26,"column":15}},"line":15},"5":{"name":"(anonymous_5)","decl":{"start":{"line":19,"column":29},"end":{"line":19,"column":30}},"loc":{"start":{"line":19,"column":35},"end":{"line":23,"column":17}},"line":19},"6":{"name":"(anonymous_6)","decl":{"start":{"line":27,"column":20},"end":{"line":27,"column":21}},"loc":{"start":{"line":27,"column":31},"end":{"line":51,"column":9}},"line":27},"7":{"name":"(anonymous_7)","decl":{"start":{"line":30,"column":28},"end":{"line":30,"column":29}},"loc":{"start":{"line":30,"column":39},"end":{"line":32,"column":11}},"line":30},"8":{"name":"(anonymous_8)","decl":{"start":{"line":84,"column":21},"end":{"line":84,"column":22}},"loc":{"start":{"line":84,"column":46},"end":{"line":130,"column":1}},"line":84},"9":{"name":"(anonymous_9)","decl":{"start":{"line":86,"column":3},"end":{"line":86,"column":4}},"loc":{"start":{"line":86,"column":15},"end":{"line":127,"column":3}},"line":86},"10":{"name":"(anonymous_10)","decl":{"start":{"line":93,"column":37},"end":{"line":93,"column":38}},"loc":{"start":{"line":93,"column":43},"end":{"line":103,"column":5}},"line":93},"11":{"name":"(anonymous_11)","decl":{"start":{"line":97,"column":19},"end":{"line":97,"column":20}},"loc":{"start":{"line":97,"column":25},"end":{"line":101,"column":11}},"line":97},"12":{"name":"(anonymous_12)","decl":{"start":{"line":104,"column":21},"end":{"line":104,"column":22}},"loc":{"start":{"line":104,"column":32},"end":{"line":106,"column":5}},"line":104}},"branchMap":{},"s":{"0":2,"1":2,"2":2,"3":2,"4":2,"5":0,"6":0,"7":0,"8":0,"9":0,"10":0,"11":0,"12":0,"13":0,"14":0,"15":0,"16":0,"17":0,"18":0,"19":0,"20":0,"21":0,"22":0,"23":0,"24":0,"25":0,"26":0,"27":0,"28":2,"29":0,"30":0,"31":0,"32":0,"33":0,"34":0,"35":0,"36":0,"37":0,"38":0,"39":0,"40":0,"41":0,"42":0,"43":0,"44":0,"45":0,"46":0,"47":0,"48":0,"49":0,"50":0,"51":2},"f":{"0":0,"1":0,"2":0,"3":0,"4":0,"5":0,"6":0,"7":0,"8":0,"9":0,"10":0,"11":0,"12":0},"b":{},"_coverageSchema":"1a1c01bbd47fc00a2c39e90264f33305004495a9","hash":"e83186ac1a1e9cad3a2ccf45f1d6037af5ffe327"}
,"C:\\Users\\User\\git\\moment_vue\\moment_vue\\backend\\src\\routes\\v1\\users.route.js": {"path":"C:\\Users\\User\\git\\moment_vue\\moment_vue\\backend\\src\\routes\\v1\\users.route.js","statementMap":{"0":{"start":{"line":6,"column":15},"end":{"line":6,"column":31}},"1":{"start":{"line":8,"column":0},"end":{"line":10,"column":4}},"2":{"start":{"line":12,"column":0},"end":{"line":12,"column":24}}},"fnMap":{},"branchMap":{},"s":{"0":2,"1":2,"2":2},"f":{},"b":{},"_coverageSchema":"1a1c01bbd47fc00a2c39e90264f33305004495a9","hash":"bfcd54573058e8576aa86acb4336d59151e49628"}
,"C:\\Users\\User\\git\\moment_vue\\moment_vue\\backend\\src\\utils\\response.js": {"path":"C:\\Users\\User\\git\\moment_vue\\moment_vue\\backend\\src\\utils\\response.js","statementMap":{"0":{"start":{"line":1,"column":19},"end":{"line":1,"column":41}},"1":{"start":{"line":4,"column":15},"end":{"line":6,"column":3}},"2":{"start":{"line":8,"column":2},"end":{"line":10,"column":3}},"3":{"start":{"line":9,"column":4},"end":{"line":9,"column":26}},"4":{"start":{"line":12,"column":2},"end":{"line":16,"column":3}},"5":{"start":{"line":13,"column":4},"end":{"line":15,"column":14}},"6":{"start":{"line":18,"column":2},"end":{"line":19,"column":17}}},"fnMap":{"0":{"name":"(anonymous_0)","decl":{"start":{"line":3,"column":15},"end":{"line":3,"column":16}},"loc":{"start":{"line":3,"column":57},"end":{"line":20,"column":1}},"line":3}},"branchMap":{"0":{"loc":{"start":{"line":3,"column":21},"end":{"line":3,"column":30}},"type":"default-arg","locations":[{"start":{"line":3,"column":28},"end":{"line":3,"column":30}}],"line":3},"1":{"loc":{"start":{"line":3,"column":32},"end":{"line":3,"column":52}},"type":"default-arg","locations":[{"start":{"line":3,"column":39},"end":{"line":3,"column":52}}],"line":3},"2":{"loc":{"start":{"line":8,"column":2},"end":{"line":10,"column":3}},"type":"if","locations":[{"start":{"line":8,"column":2},"end":{"line":10,"column":3}},{"start":{"line":8,"column":2},"end":{"line":10,"column":3}}],"line":8},"3":{"loc":{"start":{"line":12,"column":2},"end":{"line":16,"column":3}},"type":"if","locations":[{"start":{"line":12,"column":2},"end":{"line":16,"column":3}},{"start":{"line":12,"column":2},"end":{"line":16,"column":3}}],"line":12}},"s":{"0":2,"1":5,"2":5,"3":3,"4":5,"5":5,"6":5},"f":{"0":5},"b":{"0":[0],"1":[2],"2":[3,2],"3":[5,0]},"_coverageSchema":"1a1c01bbd47fc00a2c39e90264f33305004495a9","hash":"1a1fde31a8bbdb47ab7b065cbf257e41edadb4fc"}
,"C:\\Users\\User\\git\\moment_vue\\moment_vue\\backend\\src\\utils\\uuid.js": {"path":"C:\\Users\\User\\git\\moment_vue\\moment_vue\\backend\\src\\utils\\uuid.js","statementMap":{"0":{"start":{"line":3,"column":13},"end":{"line":6,"column":1}},"1":{"start":{"line":4,"column":17},"end":{"line":4,"column":35}},"2":{"start":{"line":5,"column":2},"end":{"line":5,"column":66}}},"fnMap":{"0":{"name":"(anonymous_0)","decl":{"start":{"line":3,"column":13},"end":{"line":3,"column":14}},"loc":{"start":{"line":3,"column":19},"end":{"line":6,"column":1}},"line":3}},"branchMap":{},"s":{"0":3,"1":6,"2":6},"f":{"0":6},"b":{},"_coverageSchema":"1a1c01bbd47fc00a2c39e90264f33305004495a9","hash":"dd2a06f7ad133d476f4dff578fad40e4c5914d55"}
}
