TN:
SF:app.js
FN:38,(anonymous_0)
FN:43,(anonymous_1)
FNF:2
FNH:1
FNDA:0,(anonymous_0)
FNDA:2,(anonymous_1)
DA:1,2
DA:18,2
DA:19,2
DA:22,2
DA:23,2
DA:24,2
DA:26,2
DA:27,2
DA:28,2
DA:29,2
DA:32,2
DA:33,2
DA:38,2
DA:39,0
DA:43,2
DA:45,2
DA:47,2
DA:48,1
DA:51,2
DA:52,2
DA:67,2
DA:69,0
DA:70,0
DA:77,2
DA:82,2
LF:25
LH:22
BRDA:47,0,0,1
BRDA:47,0,1,1
BRDA:51,1,0,2
BRDA:51,1,1,0
BRF:4
BRH:3
end_of_record
TN:
SF:caches\user.cache.js
FN:7,(anonymous_0)
FN:14,(anonymous_1)
FN:25,(anonymous_2)
FN:36,(anonymous_3)
FN:48,(anonymous_4)
FNF:5
FNH:3
FNDA:0,(anonymous_0)
FNDA:3,(anonymous_1)
FNDA:3,(anonymous_2)
FNDA:0,(anonymous_3)
FNDA:1,(anonymous_4)
DA:1,2
DA:2,2
DA:3,2
DA:6,2
DA:7,2
DA:8,0
DA:11,2
DA:15,3
DA:16,3
DA:17,3
DA:18,3
DA:21,0
DA:26,3
DA:27,2
DA:28,2
DA:31,0
DA:37,0
DA:38,0
DA:39,0
DA:40,0
DA:43,0
DA:49,1
DA:50,1
DA:51,1
DA:52,1
DA:55,0
LF:26
LH:17
BRDA:26,0,0,2
BRDA:26,0,1,1
BRDA:37,1,0,0
BRDA:37,1,1,0
BRDA:49,2,0,1
BRDA:49,2,1,0
BRF:6
BRH:3
end_of_record
TN:
SF:configs\sequelize.js
FNF:0
FNH:0
DA:1,3
DA:3,3
DA:4,3
DA:7,3
DA:25,3
LF:5
LH:5
BRDA:3,0,0,3
BRDA:3,0,1,0
BRF:2
BRH:1
end_of_record
TN:
SF:configs\winston.js
FN:27,(anonymous_0)
FNF:1
FNH:1
FNDA:4,(anonymous_0)
DA:4,2
DA:6,2
DA:7,0
DA:10,2
DA:16,2
DA:22,2
DA:26,2
DA:28,4
LF:8
LH:7
BRDA:6,0,0,0
BRDA:6,0,1,2
BRF:2
BRH:1
end_of_record
TN:
SF:controllers\v1\auth.controller.js
FN:9,(anonymous_0)
FN:37,(anonymous_1)
FN:71,(anonymous_2)
FNF:3
FNH:1
FNDA:1,(anonymous_0)
FNDA:0,(anonymous_1)
FNDA:0,(anonymous_2)
DA:9,2
DA:10,1
DA:11,1
DA:12,1
DA:24,1
DA:26,1
DA:27,0
DA:29,1
DA:31,0
DA:33,1
DA:37,2
DA:38,0
DA:39,0
DA:40,0
DA:41,0
DA:42,0
DA:44,0
DA:45,0
DA:49,0
DA:51,0
DA:52,0
DA:56,0
DA:61,0
DA:65,0
DA:67,0
DA:71,2
DA:72,0
DA:74,0
DA:76,0
LF:29
LH:10
BRDA:26,0,0,0
BRDA:26,0,1,1
BRDA:44,1,0,0
BRDA:44,1,1,0
BRDA:51,2,0,0
BRDA:51,2,1,0
BRF:6
BRH:1
end_of_record
TN:
SF:controllers\v1\user.controller.js
FN:5,(anonymous_0)
FN:22,(anonymous_1)
FNF:2
FNH:2
FNDA:3,(anonymous_0)
FNDA:3,(anonymous_1)
DA:5,2
DA:7,3
DA:8,3
DA:9,3
DA:10,2
DA:12,2
DA:13,1
DA:16,1
DA:20,1
DA:22,3
DA:25,1
LF:11
LH:11
BRDA:9,0,0,2
BRDA:9,0,1,1
BRDA:12,1,0,1
BRDA:12,1,1,1
BRF:4
BRH:4
end_of_record
TN:
SF:middlewares\jwt.middleware.js
FN:4,(anonymous_0)
FN:13,(anonymous_1)
FNF:2
FNH:1
FNDA:4,(anonymous_0)
FNDA:0,(anonymous_1)
DA:5,4
DA:6,4
DA:8,4
DA:10,0
DA:14,0
DA:15,0
DA:18,0
DA:20,0
DA:21,0
DA:23,0
DA:24,0
DA:27,0
DA:30,4
DA:32,0
LF:14
LH:4
BRDA:8,0,0,0
BRDA:8,0,1,4
BRDA:14,1,0,0
BRDA:14,1,1,0
BRDA:23,2,0,0
BRDA:23,2,1,0
BRF:6
BRH:1
end_of_record
TN:
SF:models\index.js
FN:18,(anonymous_0)
FN:19,(anonymous_1)
FN:24,(anonymous_2)
FNF:3
FNH:3
FNDA:15,(anonymous_0)
FNDA:12,(anonymous_1)
FNDA:12,(anonymous_2)
DA:4,3
DA:5,3
DA:6,3
DA:8,3
DA:11,3
DA:12,0
DA:14,3
DA:17,3
DA:18,15
DA:20,12
DA:21,12
DA:24,3
DA:25,12
DA:26,12
DA:30,3
DA:31,3
LF:16
LH:15
BRDA:11,0,0,0
BRDA:11,0,1,3
BRDA:18,1,0,15
BRDA:18,1,1,15
BRDA:18,1,2,12
BRDA:25,2,0,12
BRDA:25,2,1,0
BRF:7
BRH:5
end_of_record
TN:
SF:models\momentDataFile.model.js
FN:3,(anonymous_0)
FN:33,(anonymous_1)
FNF:2
FNH:2
FNDA:3,(anonymous_0)
FNDA:3,(anonymous_1)
DA:3,3
DA:4,3
DA:33,3
DA:34,3
DA:38,3
LF:5
LH:5
BRF:0
BRH:0
end_of_record
TN:
SF:models\momentDataMst.model.js
FN:3,(anonymous_0)
FN:44,(anonymous_1)
FNF:2
FNH:2
FNDA:3,(anonymous_0)
FNDA:3,(anonymous_1)
DA:3,3
DA:4,3
DA:44,3
DA:45,3
DA:46,3
DA:49,3
LF:6
LH:6
BRF:0
BRH:0
end_of_record
TN:
SF:models\momentUser.model.js
FN:5,(anonymous_0)
FN:11,(anonymous_1)
FN:12,(anonymous_2)
FN:54,(anonymous_3)
FN:59,(anonymous_4)
FNF:5
FNH:5
FNDA:3,(anonymous_0)
FNDA:5,(anonymous_1)
FNDA:19,(anonymous_2)
FNDA:3,(anonymous_3)
FNDA:5,(anonymous_4)
DA:5,3
DA:6,3
DA:11,5
DA:13,19
DA:54,3
DA:55,3
DA:59,3
DA:60,5
DA:61,5
DA:62,5
DA:66,3
LF:11
LH:11
BRDA:60,0,0,5
BRDA:60,0,1,0
BRF:2
BRH:1
end_of_record
TN:
SF:models\momentUserFile.model.js
FN:3,(anonymous_0)
FN:32,(anonymous_1)
FNF:2
FNH:2
FNDA:3,(anonymous_0)
FNDA:3,(anonymous_1)
DA:3,3
DA:4,3
DA:32,3
DA:34,3
LF:4
LH:4
BRF:0
BRH:0
end_of_record
TN:
SF:repositories\user.repository.js
FN:6,(anonymous_0)
FN:10,(anonymous_1)
FN:16,(anonymous_2)
FN:19,(anonymous_3)
FN:22,(anonymous_4)
FN:37,(anonymous_5)
FN:47,(anonymous_6)
FNF:7
FNH:6
FNDA:6,(anonymous_0)
FNDA:4,(anonymous_1)
FNDA:1,(anonymous_2)
FNDA:3,(anonymous_3)
FNDA:2,(anonymous_4)
FNDA:0,(anonymous_5)
FNDA:1,(anonymous_6)
DA:7,6
DA:11,4
DA:12,3
DA:13,3
DA:18,1
DA:19,3
DA:23,2
DA:25,2
DA:27,1
DA:34,2
DA:38,0
DA:40,0
DA:41,0
DA:44,0
DA:48,1
DA:50,1
DA:51,1
DA:58,1
LF:18
LH:14
BRDA:25,0,0,1
BRDA:25,0,1,1
BRDA:40,1,0,0
BRDA:40,1,1,0
BRDA:50,2,0,1
BRDA:50,2,1,0
BRF:6
BRH:3
end_of_record
TN:
SF:routes\v1\auth.route.js
FN:21,(anonymous_0)
FN:60,googleAuth
FN:76,(anonymous_2)
FN:91,loginAuth
FN:99,(anonymous_4)
FN:101,(anonymous_5)
FN:108,(anonymous_6)
FN:121,(anonymous_7)
FN:127,(anonymous_8)
FNF:9
FNH:0
FNDA:0,(anonymous_0)
FNDA:0,googleAuth
FNDA:0,(anonymous_2)
FNDA:0,loginAuth
FNDA:0,(anonymous_4)
FNDA:0,(anonymous_5)
FNDA:0,(anonymous_6)
FNDA:0,(anonymous_7)
FNDA:0,(anonymous_8)
DA:1,2
DA:5,2
DA:7,2
DA:11,2
DA:15,2
DA:21,2
DA:22,0
DA:23,0
DA:31,0
DA:32,0
DA:49,0
DA:50,0
DA:52,0
DA:53,0
DA:55,0
DA:56,0
DA:61,0
DA:77,0
DA:78,0
DA:79,0
DA:80,0
DA:82,0
DA:85,0
DA:93,0
DA:94,0
DA:95,0
DA:96,0
DA:97,0
DA:98,0
DA:99,0
DA:100,0
DA:101,0
DA:102,0
DA:103,0
DA:107,0
DA:108,0
DA:110,0
DA:122,0
DA:123,0
DA:127,0
DA:128,0
DA:129,0
DA:140,0
DA:145,0
DA:149,0
DA:156,2
LF:46
LH:7
BRDA:23,0,0,0
BRDA:23,0,1,0
BRDA:23,0,2,0
BRDA:23,0,3,0
BRDA:78,1,0,0
BRDA:78,1,1,0
BRDA:78,2,0,0
BRDA:78,2,1,0
BRDA:85,3,0,0
BRDA:85,3,1,0
BRDA:98,4,0,0
BRDA:98,4,1,0
BRDA:102,5,0,0
BRDA:102,5,1,0
BRDA:107,6,0,0
BRDA:107,6,1,0
BRDA:122,7,0,0
BRDA:122,7,1,0
BRF:18
BRH:0
end_of_record
TN:
SF:routes\v1\index.js
FN:12,(anonymous_0)
FN:13,(anonymous_1)
FNF:2
FNH:2
FNDA:12,(anonymous_0)
FNDA:4,(anonymous_1)
DA:2,2
DA:3,2
DA:4,2
DA:5,2
DA:8,2
DA:11,2
DA:12,12
DA:13,4
DA:22,2
LF:9
LH:9
BRDA:12,0,0,12
BRDA:12,0,1,12
BRDA:12,0,2,10
BRF:3
BRH:3
end_of_record
TN:
SF:routes\v1\users.route.js
FNF:0
FNH:0
DA:6,2
DA:8,2
DA:12,2
LF:3
LH:3
BRF:0
BRH:0
end_of_record
TN:
SF:utils\response.js
FN:3,(anonymous_0)
FNF:1
FNH:1
FNDA:2,(anonymous_0)
DA:1,2
DA:4,2
DA:8,2
DA:9,2
DA:12,2
DA:13,2
DA:18,2
LF:7
LH:7
BRDA:3,0,0,0
BRDA:3,1,0,0
BRDA:8,2,0,2
BRDA:8,2,1,0
BRDA:12,3,0,2
BRDA:12,3,1,0
BRF:6
BRH:2
end_of_record
TN:
SF:utils\uuid.js
FN:3,(anonymous_0)
FNF:1
FNH:1
FNDA:7,(anonymous_0)
DA:3,3
DA:4,7
DA:5,7
LF:3
LH:3
BRF:0
BRH:0
end_of_record
TN:
SF:wrappers\index.js
FN:2,(anonymous_0)
FN:10,(anonymous_1)
FN:18,(anonymous_2)
FN:22,(anonymous_3)
FNF:4
FNH:4
FNDA:7,(anonymous_0)
FNDA:9,(anonymous_1)
FNDA:4,(anonymous_2)
FNDA:4,(anonymous_3)
DA:3,7
DA:4,6
DA:6,1
DA:11,9
DA:12,2
DA:15,7
DA:19,4
DA:23,4
LF:8
LH:8
BRDA:3,0,0,6
BRDA:3,0,1,1
BRDA:11,1,0,2
BRDA:11,1,1,7
BRF:4
BRH:4
end_of_record
TN:
SF:wrappers\user.wrapper.js
FN:4,(anonymous_0)
FNF:1
FNH:0
FNDA:0,(anonymous_0)
DA:5,0
DA:6,0
DA:8,0
LF:3
LH:0
BRF:0
BRH:0
end_of_record
