TN:
SF:app.js
FN:38,(anonymous_0)
FN:43,(anonymous_1)
FNF:2
FNH:1
FNDA:0,(anonymous_0)
FNDA:3,(anonymous_1)
DA:1,2
DA:3,2
DA:4,2
DA:5,2
DA:6,2
DA:7,2
DA:11,2
DA:12,2
DA:13,2
DA:15,2
DA:17,2
DA:18,2
DA:20,2
DA:21,2
DA:22,2
DA:23,2
DA:25,2
DA:26,2
DA:27,2
DA:28,2
DA:31,2
DA:32,2
DA:33,2
DA:38,2
DA:39,0
DA:43,2
DA:45,3
DA:47,3
DA:48,0
DA:52,3
DA:53,3
DA:63,3
DA:68,2
LF:33
LH:31
BRDA:47,0,0,0
BRDA:47,0,1,3
BRDA:53,1,0,0
BRDA:53,1,1,3
BRF:4
BRH:2
end_of_record
TN:
SF:caches\user.cache.js
FN:5,(anonymous_0)
FN:7,(anonymous_1)
FN:11,(anonymous_2)
FN:16,(anonymous_3)
FN:26,(anonymous_4)
FN:44,(anonymous_5)
FN:57,(anonymous_6)
FNF:7
FNH:5
FNDA:12,(anonymous_0)
FNDA:0,(anonymous_1)
FNDA:14,(anonymous_2)
FNDA:4,(anonymous_3)
FNDA:4,(anonymous_4)
FNDA:0,(anonymous_5)
FNDA:3,(anonymous_6)
DA:2,3
DA:3,3
DA:6,12
DA:7,12
DA:8,0
DA:11,12
DA:12,14
DA:17,4
DA:18,4
DA:19,0
DA:20,0
DA:27,4
DA:28,4
DA:29,4
DA:31,0
DA:32,0
DA:35,0
DA:38,4
DA:41,0
DA:45,0
DA:46,0
DA:47,0
DA:48,0
DA:51,0
DA:54,0
DA:58,3
DA:59,3
DA:60,3
DA:61,0
DA:64,3
DA:67,0
LF:31
LH:16
BRDA:27,0,0,4
BRDA:27,0,1,0
BRDA:31,1,0,0
BRDA:31,1,1,0
BRDA:45,2,0,0
BRDA:45,2,1,0
BRDA:58,3,0,3
BRDA:58,3,1,0
BRF:8
BRH:2
end_of_record
TN:
SF:configs\sequelize.js
FNF:0
FNH:0
DA:1,3
DA:3,3
DA:4,3
DA:7,3
DA:25,3
LF:5
LH:5
BRDA:3,0,0,3
BRDA:3,0,1,0
BRF:2
BRH:1
end_of_record
TN:
SF:configs\auth\socialconfig.js
FNF:0
FNH:0
DA:1,2
LF:1
LH:1
BRF:0
BRH:0
end_of_record
TN:
SF:configs\db\dbconfig.js
FNF:0
FNH:0
DA:1,2
DA:11,2
LF:2
LH:2
BRF:0
BRH:0
end_of_record
TN:
SF:configs\db\logger.js
FN:7,(anonymous_0)
FN:53,(anonymous_1)
FNF:2
FNH:2
FNDA:9,(anonymous_0)
FNDA:7,(anonymous_1)
DA:1,2
DA:2,2
DA:3,2
DA:5,2
DA:7,2
DA:8,9
DA:11,2
DA:43,2
DA:52,2
DA:54,7
DA:58,2
LF:11
LH:11
BRF:0
BRH:0
end_of_record
TN:
SF:configs\db\mysqlConn.js
FN:8,(anonymous_0)
FN:12,(anonymous_1)
FN:16,(anonymous_2)
FN:20,(anonymous_3)
FN:21,(anonymous_4)
FNF:5
FNH:0
FNDA:0,(anonymous_0)
FNDA:0,(anonymous_1)
FNDA:0,(anonymous_2)
FNDA:0,(anonymous_3)
FNDA:0,(anonymous_4)
DA:1,2
DA:2,2
DA:3,2
DA:5,2
DA:6,2
DA:8,2
DA:9,0
DA:12,2
DA:13,0
DA:16,2
DA:17,0
DA:20,2
DA:21,0
DA:22,0
DA:26,2
LF:15
LH:10
BRF:0
BRH:0
end_of_record
TN:
SF:configs\query\homequery.js
FN:1,homeSelectq
FN:36,dataViewq
FNF:2
FNH:0
FNDA:0,homeSelectq
FNDA:0,dataViewq
DA:2,0
DA:3,0
DA:4,0
DA:5,0
DA:6,0
DA:7,0
DA:8,0
DA:9,0
DA:10,0
DA:12,0
DA:13,0
DA:14,0
DA:15,0
DA:17,0
DA:18,0
DA:19,0
DA:20,0
DA:21,0
DA:31,0
DA:33,0
DA:37,0
DA:38,0
DA:39,0
DA:40,0
DA:41,0
DA:42,0
DA:44,0
DA:69,0
DA:72,2
LF:29
LH:1
BRDA:14,0,0,0
BRDA:14,0,1,0
BRF:2
BRH:0
end_of_record
TN:
SF:controllers\v1\auth.controller.js
FN:8,(anonymous_0)
FN:42,(anonymous_1)
FNF:2
FNH:2
FNDA:3,(anonymous_0)
FNDA:1,(anonymous_1)
DA:8,2
DA:9,3
DA:10,3
DA:11,3
DA:12,3
DA:13,3
DA:15,3
DA:16,1
DA:20,2
DA:22,2
DA:23,1
DA:27,1
DA:32,1
DA:36,1
DA:38,0
DA:42,2
DA:43,1
DA:44,1
DA:46,0
LF:19
LH:17
BRDA:15,0,0,1
BRDA:15,0,1,2
BRDA:22,1,0,1
BRDA:22,1,1,1
BRF:4
BRH:4
end_of_record
TN:
SF:controllers\v1\moment.controller.js
FN:4,(anonymous_0)
FN:9,(anonymous_1)
FN:11,(anonymous_2)
FN:22,(anonymous_3)
FN:25,(anonymous_4)
FN:28,(anonymous_5)
FNF:6
FNH:0
FNDA:0,(anonymous_0)
FNDA:0,(anonymous_1)
FNDA:0,(anonymous_2)
FNDA:0,(anonymous_3)
FNDA:0,(anonymous_4)
FNDA:0,(anonymous_5)
DA:1,2
DA:2,2
DA:4,2
DA:5,0
DA:6,0
DA:7,0
DA:8,0
DA:9,0
DA:10,0
DA:11,0
DA:12,0
DA:13,0
DA:14,0
DA:18,0
DA:22,2
DA:23,0
DA:24,0
DA:25,0
DA:26,0
DA:27,0
DA:28,0
DA:29,0
DA:31,0
DA:32,0
DA:38,0
LF:25
LH:4
BRDA:13,0,0,0
BRDA:13,0,1,0
BRDA:26,1,0,0
BRDA:26,1,1,0
BRDA:31,2,0,0
BRDA:31,2,1,0
BRF:6
BRH:0
end_of_record
TN:
SF:controllers\v1\user.controller.js
FN:5,(anonymous_0)
FN:22,(anonymous_1)
FNF:2
FNH:2
FNDA:3,(anonymous_0)
FNDA:4,(anonymous_1)
DA:5,2
DA:7,3
DA:8,3
DA:9,3
DA:10,2
DA:12,2
DA:13,1
DA:16,1
DA:20,1
DA:22,4
DA:25,1
LF:11
LH:11
BRDA:9,0,0,2
BRDA:9,0,1,1
BRDA:12,1,0,1
BRDA:12,1,1,1
BRF:4
BRH:4
end_of_record
TN:
SF:middlewares\jwt.middleware.js
FN:4,(anonymous_0)
FN:13,(anonymous_1)
FNF:2
FNH:2
FNDA:7,(anonymous_0)
FNDA:1,(anonymous_1)
DA:5,7
DA:6,7
DA:8,7
DA:10,1
DA:14,1
DA:15,0
DA:18,1
DA:20,1
DA:21,1
DA:23,1
DA:24,0
DA:27,1
DA:30,7
DA:32,0
LF:14
LH:11
BRDA:8,0,0,1
BRDA:8,0,1,6
BRDA:14,1,0,0
BRDA:14,1,1,1
BRDA:23,2,0,0
BRDA:23,2,1,1
BRF:6
BRH:4
end_of_record
TN:
SF:models\index.js
FN:18,(anonymous_0)
FN:19,(anonymous_1)
FN:24,(anonymous_2)
FNF:3
FNH:3
FNDA:6,(anonymous_0)
FNDA:3,(anonymous_1)
FNDA:3,(anonymous_2)
DA:4,3
DA:5,3
DA:6,3
DA:8,3
DA:11,3
DA:12,0
DA:14,3
DA:17,3
DA:18,6
DA:20,3
DA:21,3
DA:24,3
DA:25,3
DA:26,3
DA:30,3
DA:31,3
LF:16
LH:15
BRDA:11,0,0,0
BRDA:11,0,1,3
BRDA:18,1,0,6
BRDA:18,1,1,6
BRDA:18,1,2,3
BRDA:25,2,0,3
BRDA:25,2,1,0
BRF:7
BRH:5
end_of_record
TN:
SF:models\user.model.js
FN:6,(anonymous_0)
FN:12,(anonymous_1)
FN:13,(anonymous_2)
FN:48,(anonymous_3)
FN:53,(anonymous_4)
FN:62,(anonymous_5)
FN:69,(anonymous_6)
FNF:7
FNH:7
FNDA:3,(anonymous_0)
FNDA:4,(anonymous_1)
FNDA:14,(anonymous_2)
FNDA:3,(anonymous_3)
FNDA:4,(anonymous_4)
FNDA:4,(anonymous_5)
FNDA:5,(anonymous_6)
DA:6,3
DA:7,3
DA:12,4
DA:14,14
DA:48,3
DA:53,3
DA:54,4
DA:55,4
DA:56,4
DA:62,3
DA:63,4
DA:64,4
DA:69,3
DA:70,5
DA:72,5
DA:73,5
DA:75,5
DA:78,3
LF:18
LH:18
BRDA:54,0,0,4
BRDA:54,0,1,0
BRF:2
BRH:1
end_of_record
TN:
SF:repositories\user.repository.js
FN:5,(anonymous_0)
FN:9,(anonymous_1)
FN:14,(anonymous_2)
FN:18,(anonymous_3)
FN:34,(anonymous_4)
FN:44,(anonymous_5)
FNF:6
FNH:5
FNDA:8,(anonymous_0)
FNDA:1,(anonymous_1)
FNDA:1,(anonymous_2)
FNDA:4,(anonymous_3)
FNDA:0,(anonymous_4)
FNDA:3,(anonymous_5)
DA:6,8
DA:10,1
DA:11,1
DA:15,1
DA:19,4
DA:21,4
DA:23,0
DA:26,4
DA:35,0
DA:37,0
DA:38,0
DA:40,0
DA:45,3
DA:47,3
DA:48,0
DA:50,3
LF:16
LH:10
BRDA:21,0,0,0
BRDA:21,0,1,4
BRDA:37,1,0,0
BRDA:37,1,1,0
BRDA:47,2,0,0
BRDA:47,2,1,3
BRF:6
BRH:2
end_of_record
TN:
SF:routes\v1\auth.route.js
FN:17,(anonymous_0)
FN:56,googleAuth
FN:72,(anonymous_2)
FN:87,loginAuth
FN:95,(anonymous_4)
FN:97,(anonymous_5)
FN:104,(anonymous_6)
FN:117,(anonymous_7)
FN:123,(anonymous_8)
FNF:9
FNH:0
FNDA:0,(anonymous_0)
FNDA:0,googleAuth
FNDA:0,(anonymous_2)
FNDA:0,loginAuth
FNDA:0,(anonymous_4)
FNDA:0,(anonymous_5)
FNDA:0,(anonymous_6)
FNDA:0,(anonymous_7)
FNDA:0,(anonymous_8)
DA:1,2
DA:5,2
DA:7,2
DA:11,2
DA:17,2
DA:18,0
DA:19,0
DA:27,0
DA:28,0
DA:45,0
DA:46,0
DA:48,0
DA:49,0
DA:51,0
DA:52,0
DA:57,0
DA:73,0
DA:74,0
DA:75,0
DA:76,0
DA:78,0
DA:81,0
DA:89,0
DA:90,0
DA:91,0
DA:92,0
DA:93,0
DA:94,0
DA:95,0
DA:96,0
DA:97,0
DA:98,0
DA:99,0
DA:103,0
DA:104,0
DA:106,0
DA:118,0
DA:119,0
DA:123,0
DA:124,0
DA:125,0
DA:136,0
DA:141,0
DA:145,0
DA:152,2
LF:45
LH:6
BRDA:19,0,0,0
BRDA:19,0,1,0
BRDA:19,0,2,0
BRDA:19,0,3,0
BRDA:74,1,0,0
BRDA:74,1,1,0
BRDA:74,2,0,0
BRDA:74,2,1,0
BRDA:81,3,0,0
BRDA:81,3,1,0
BRDA:94,4,0,0
BRDA:94,4,1,0
BRDA:98,5,0,0
BRDA:98,5,1,0
BRDA:103,6,0,0
BRDA:103,6,1,0
BRDA:118,7,0,0
BRDA:118,7,1,0
BRF:18
BRH:0
end_of_record
TN:
SF:routes\v1\index.js
FN:12,(anonymous_0)
FN:13,(anonymous_1)
FNF:2
FNH:2
FNDA:12,(anonymous_0)
FNDA:10,(anonymous_1)
DA:2,2
DA:3,2
DA:4,2
DA:5,2
DA:8,2
DA:11,2
DA:12,12
DA:13,10
DA:22,2
LF:9
LH:9
BRDA:12,0,0,12
BRDA:12,0,1,12
BRDA:12,0,2,10
BRF:3
BRH:3
end_of_record
TN:
SF:routes\v1\localauth.route.js
FN:10,(anonymous_0)
FN:16,(anonymous_1)
FN:18,(anonymous_2)
FN:26,(anonymous_3)
FN:39,(anonymous_4)
FN:45,(anonymous_5)
FN:73,(anonymous_6)
FN:86,(anonymous_7)
FN:87,(anonymous_8)
FN:92,(anonymous_9)
FN:102,(anonymous_10)
FN:129,(anonymous_11)
FN:133,(anonymous_12)
FN:139,(anonymous_13)
FN:149,(anonymous_14)
FN:179,(anonymous_15)
FN:193,(anonymous_16)
FNF:17
FNH:0
FNDA:0,(anonymous_0)
FNDA:0,(anonymous_1)
FNDA:0,(anonymous_2)
FNDA:0,(anonymous_3)
FNDA:0,(anonymous_4)
FNDA:0,(anonymous_5)
FNDA:0,(anonymous_6)
FNDA:0,(anonymous_7)
FNDA:0,(anonymous_8)
FNDA:0,(anonymous_9)
FNDA:0,(anonymous_10)
FNDA:0,(anonymous_11)
FNDA:0,(anonymous_12)
FNDA:0,(anonymous_13)
FNDA:0,(anonymous_14)
FNDA:0,(anonymous_15)
FNDA:0,(anonymous_16)
DA:1,2
DA:2,2
DA:4,2
DA:5,2
DA:6,2
DA:7,2
DA:10,2
DA:11,0
DA:12,0
DA:14,0
DA:15,0
DA:16,0
DA:17,0
DA:18,0
DA:19,0
DA:20,0
DA:25,0
DA:26,0
DA:28,0
DA:40,0
DA:41,0
DA:45,0
DA:46,0
DA:56,0
DA:61,0
DA:65,0
DA:73,2
DA:74,0
DA:76,0
DA:77,0
DA:80,0
DA:81,0
DA:86,0
DA:87,0
DA:88,0
DA:89,0
DA:92,0
DA:93,0
DA:94,0
DA:102,2
DA:103,0
DA:104,0
DA:105,0
DA:106,0
DA:107,0
DA:108,0
DA:109,0
DA:129,2
DA:130,0
DA:131,0
DA:132,0
DA:133,0
DA:134,0
DA:139,0
DA:141,0
DA:143,0
DA:144,0
DA:149,2
DA:150,0
DA:151,0
DA:153,0
DA:158,0
DA:159,0
DA:160,0
DA:161,0
DA:162,0
DA:179,2
DA:180,0
DA:193,2
DA:207,2
LF:70
LH:14
BRDA:15,0,0,0
BRDA:15,0,1,0
BRDA:19,1,0,0
BRDA:19,1,1,0
BRDA:25,2,0,0
BRDA:25,2,1,0
BRDA:40,3,0,0
BRDA:40,3,1,0
BRDA:77,4,0,0
BRDA:77,4,1,0
BRDA:80,5,0,0
BRDA:80,5,1,0
BRDA:88,6,0,0
BRDA:88,6,1,0
BRDA:141,7,0,0
BRDA:141,7,1,0
BRDA:150,8,0,0
BRDA:150,8,1,0
BRF:18
BRH:0
end_of_record
TN:
SF:routes\v1\moment.route.js
FN:13,(anonymous_0)
FN:16,(anonymous_1)
FN:36,(anonymous_2)
FN:43,(anonymous_3)
FN:44,(anonymous_4)
FN:52,(anonymous_5)
FN:61,(anonymous_6)
FN:63,(anonymous_7)
FN:77,(anonymous_8)
FN:87,(anonymous_9)
FN:89,(anonymous_10)
FN:96,(anonymous_11)
FN:107,(anonymous_12)
FN:112,(anonymous_13)
FN:124,(anonymous_14)
FN:140,(anonymous_15)
FN:154,(anonymous_16)
FN:157,(anonymous_17)
FN:165,(anonymous_18)
FN:175,(anonymous_19)
FN:196,(anonymous_20)
FN:200,(anonymous_21)
FN:209,(anonymous_22)
FN:212,(anonymous_23)
FN:221,(anonymous_24)
FNF:25
FNH:0
FNDA:0,(anonymous_0)
FNDA:0,(anonymous_1)
FNDA:0,(anonymous_2)
FNDA:0,(anonymous_3)
FNDA:0,(anonymous_4)
FNDA:0,(anonymous_5)
FNDA:0,(anonymous_6)
FNDA:0,(anonymous_7)
FNDA:0,(anonymous_8)
FNDA:0,(anonymous_9)
FNDA:0,(anonymous_10)
FNDA:0,(anonymous_11)
FNDA:0,(anonymous_12)
FNDA:0,(anonymous_13)
FNDA:0,(anonymous_14)
FNDA:0,(anonymous_15)
FNDA:0,(anonymous_16)
FNDA:0,(anonymous_17)
FNDA:0,(anonymous_18)
FNDA:0,(anonymous_19)
FNDA:0,(anonymous_20)
FNDA:0,(anonymous_21)
FNDA:0,(anonymous_22)
FNDA:0,(anonymous_23)
FNDA:0,(anonymous_24)
DA:1,2
DA:2,2
DA:3,2
DA:6,2
DA:8,2
DA:11,2
DA:14,0
DA:17,0
DA:33,2
DA:34,2
DA:36,2
DA:37,0
DA:38,0
DA:39,0
DA:40,0
DA:43,2
DA:44,0
DA:45,0
DA:52,0
DA:54,0
DA:55,0
DA:56,0
DA:61,2
DA:62,0
DA:63,0
DA:64,0
DA:77,0
DA:78,0
DA:79,0
DA:81,0
DA:82,0
DA:87,2
DA:88,0
DA:89,0
DA:90,0
DA:96,0
DA:97,0
DA:99,0
DA:101,0
DA:102,0
DA:107,2
DA:108,0
DA:109,0
DA:112,2
DA:113,0
DA:114,0
DA:115,0
DA:116,0
DA:117,0
DA:118,0
DA:119,0
DA:120,0
DA:121,0
DA:122,0
DA:124,0
DA:125,0
DA:137,0
DA:142,0
DA:143,0
DA:144,0
DA:146,0
DA:148,0
DA:154,2
DA:155,0
DA:156,0
DA:157,0
DA:158,0
DA:165,0
DA:167,0
DA:169,0
DA:170,0
DA:175,2
DA:176,0
DA:177,0
DA:178,0
DA:179,0
DA:180,0
DA:181,0
DA:182,0
DA:183,0
DA:190,0
DA:191,0
DA:196,0
DA:197,0
DA:200,0
DA:201,0
DA:202,0
DA:203,0
DA:204,0
DA:209,2
DA:210,0
DA:211,0
DA:212,0
DA:213,0
DA:221,0
DA:222,0
DA:223,0
DA:225,0
DA:226,0
DA:231,2
LF:100
LH:18
BRDA:54,0,0,0
BRDA:54,0,1,0
BRDA:79,1,0,0
BRDA:79,1,1,0
BRDA:99,2,0,0
BRDA:99,2,1,0
BRDA:142,3,0,0
BRDA:142,3,1,0
BRDA:167,4,0,0
BRDA:167,4,1,0
BRDA:182,5,0,0
BRDA:182,5,1,0
BRDA:190,6,0,0
BRDA:190,6,1,0
BRDA:203,7,0,0
BRDA:203,7,1,0
BRDA:223,8,0,0
BRDA:223,8,1,0
BRF:18
BRH:0
end_of_record
TN:
SF:routes\v1\pupp.route.js
FN:7,(anonymous_0)
FN:11,(anonymous_1)
FN:13,(anonymous_2)
FN:15,(anonymous_3)
FN:15,(anonymous_4)
FN:19,(anonymous_5)
FN:27,(anonymous_6)
FN:30,(anonymous_7)
FN:84,(anonymous_8)
FN:86,(anonymous_9)
FN:93,(anonymous_10)
FN:97,(anonymous_11)
FN:104,(anonymous_12)
FNF:13
FNH:0
FNDA:0,(anonymous_0)
FNDA:0,(anonymous_1)
FNDA:0,(anonymous_2)
FNDA:0,(anonymous_3)
FNDA:0,(anonymous_4)
FNDA:0,(anonymous_5)
FNDA:0,(anonymous_6)
FNDA:0,(anonymous_7)
FNDA:0,(anonymous_8)
FNDA:0,(anonymous_9)
FNDA:0,(anonymous_10)
FNDA:0,(anonymous_11)
FNDA:0,(anonymous_12)
DA:1,2
DA:2,2
DA:3,2
DA:5,2
DA:7,2
DA:8,0
DA:9,0
DA:12,0
DA:14,0
DA:15,0
DA:16,0
DA:17,0
DA:18,0
DA:19,0
DA:20,0
DA:21,0
DA:22,0
DA:24,0
DA:25,0
DA:28,0
DA:29,0
DA:30,0
DA:31,0
DA:33,0
DA:34,0
DA:35,0
DA:49,0
DA:55,0
DA:84,2
DA:85,0
DA:86,0
DA:87,0
DA:88,0
DA:90,0
DA:92,0
DA:93,0
DA:94,0
DA:95,0
DA:96,0
DA:97,0
DA:98,0
DA:99,0
DA:100,0
DA:102,0
DA:104,0
DA:105,0
DA:107,0
DA:109,0
DA:110,0
DA:124,0
DA:126,0
DA:132,2
LF:52
LH:7
BRF:0
BRH:0
end_of_record
TN:
SF:routes\v1\users.route.js
FNF:0
FNH:0
DA:6,2
DA:8,2
DA:12,2
LF:3
LH:3
BRF:0
BRH:0
end_of_record
TN:
SF:utils\response.js
FN:3,(anonymous_0)
FNF:1
FNH:1
FNDA:5,(anonymous_0)
DA:1,2
DA:4,5
DA:8,5
DA:9,3
DA:12,5
DA:13,5
DA:18,5
LF:7
LH:7
BRDA:3,0,0,0
BRDA:3,1,0,2
BRDA:8,2,0,3
BRDA:8,2,1,2
BRDA:12,3,0,5
BRDA:12,3,1,0
BRF:6
BRH:4
end_of_record
TN:
SF:utils\uuid.js
FN:3,(anonymous_0)
FNF:1
FNH:1
FNDA:6,(anonymous_0)
DA:3,3
DA:4,6
DA:5,6
LF:3
LH:3
BRF:0
BRH:0
end_of_record
